

Started GET "/" for 127.0.0.1 at 2013-04-05 10:41:08 -0500
Processing by HomeController#index as HTML
Compiled home.css  (0ms)  (pid 28854)
  Rendered home/index.html.erb within layouts/application (44.5ms)
Compiled application.css  (0ms)  (pid 28854)
Compiled jquery.js  (2ms)  (pid 28854)
Compiled jquery_ujs.js  (0ms)  (pid 28854)
Compiled search_table.js  (0ms)  (pid 28854)
Compiled sortable_table.js  (0ms)  (pid 28854)
Compiled jquery.tablesorter.js  (1ms)  (pid 28854)
Compiled application.js  (101ms)  (pid 28854)
Completed 200 OK in 242ms (Views: 241.3ms | ActiveRecord: 0.0ms)


Started GET "/assets/jquery.js?body=1" for 127.0.0.1 at 2013-04-05 10:41:08 -0500
Served asset /jquery.js - 200 OK (29ms)


Started GET "/assets/search_table.js?body=1" for 127.0.0.1 at 2013-04-05 10:41:08 -0500
Served asset /search_table.js - 200 OK (8ms)


Started GET "/assets/application.css?body=1" for 127.0.0.1 at 2013-04-05 10:41:08 -0500
Served asset /application.css - 200 OK (2ms)


Started GET "/assets/sortable_table.js?body=1" for 127.0.0.1 at 2013-04-05 10:41:08 -0500
Served asset /sortable_table.js - 200 OK (2ms)


Started GET "/assets/jquery_ujs.js?body=1" for 127.0.0.1 at 2013-04-05 10:41:08 -0500
Served asset /jquery_ujs.js - 200 OK (2ms)


Started GET "/assets/home.css?body=1" for 127.0.0.1 at 2013-04-05 10:41:08 -0500
Served asset /home.css - 200 OK (2ms)


Started GET "/assets/jquery.tablesorter.js?body=1" for 127.0.0.1 at 2013-04-05 10:41:08 -0500
Served asset /jquery.tablesorter.js - 200 OK (2ms)


Started GET "/assets/application.js?body=1" for 127.0.0.1 at 2013-04-05 10:41:08 -0500
Served asset /application.js - 200 OK (6ms)


Started GET "/users/auth/facebook" for 127.0.0.1 at 2013-04-05 10:41:12 -0500
(facebook) Request phase initiated.


Started GET "/" for 127.0.0.1 at 2013-04-05 10:48:21 -0500
Processing by HomeController#index as HTML
  Rendered home/index.html.erb within layouts/application (6.4ms)
Completed 200 OK in 51ms (Views: 50.6ms | ActiveRecord: 0.0ms)


Started GET "/assets/jquery.js?body=1" for 127.0.0.1 at 2013-04-05 10:48:21 -0500
Served asset /jquery.js - 304 Not Modified (37ms)


Started GET "/assets/application.css?body=1" for 127.0.0.1 at 2013-04-05 10:48:21 -0500
Served asset /application.css - 304 Not Modified (4ms)


Started GET "/assets/search_table.js?body=1" for 127.0.0.1 at 2013-04-05 10:48:21 -0500
Served asset /search_table.js - 304 Not Modified (4ms)


Started GET "/assets/jquery_ujs.js?body=1" for 127.0.0.1 at 2013-04-05 10:48:21 -0500
Served asset /jquery_ujs.js - 304 Not Modified (1ms)


Started GET "/assets/sortable_table.js?body=1" for 127.0.0.1 at 2013-04-05 10:48:21 -0500
Served asset /sortable_table.js - 304 Not Modified (1ms)


Started GET "/assets/home.css?body=1" for 127.0.0.1 at 2013-04-05 10:48:21 -0500
Served asset /home.css - 304 Not Modified (3ms)


Started GET "/assets/jquery.tablesorter.js?body=1" for 127.0.0.1 at 2013-04-05 10:48:21 -0500
Served asset /jquery.tablesorter.js - 304 Not Modified (2ms)


Started GET "/assets/application.js?body=1" for 127.0.0.1 at 2013-04-05 10:48:21 -0500
Served asset /application.js - 304 Not Modified (11ms)


Started GET "/users/sign_in" for 127.0.0.1 at 2013-04-05 10:48:27 -0500
Processing by Devise::SessionsController#new as HTML
Completed 500 Internal Server Error in 154ms

ActiveRecord::StatementInvalid (Could not find table 'users'):
  activerecord (3.2.1) lib/active_record/connection_adapters/sqlite_adapter.rb:470:in `table_structure'
  activerecord (3.2.1) lib/active_record/connection_adapters/sqlite_adapter.rb:351:in `columns'
  activerecord (3.2.1) lib/active_record/connection_adapters/schema_cache.rb:12:in `block in initialize'
  activerecord (3.2.1) lib/active_record/model_schema.rb:228:in `yield'
  activerecord (3.2.1) lib/active_record/model_schema.rb:228:in `default'
  activerecord (3.2.1) lib/active_record/model_schema.rb:228:in `columns'
  activerecord (3.2.1) lib/active_record/model_schema.rb:243:in `column_defaults'
  activerecord (3.2.1) lib/active_record/base.rb:479:in `initialize'
  /home/piratefsh/.gem/ruby/1.9.1/bundler/gems/devise-6c566c1ca4c7/app/controllers/devise_controller.rb:102:in `new'
  /home/piratefsh/.gem/ruby/1.9.1/bundler/gems/devise-6c566c1ca4c7/app/controllers/devise_controller.rb:102:in `build_resource'
  /home/piratefsh/.gem/ruby/1.9.1/bundler/gems/devise-6c566c1ca4c7/app/controllers/devise/sessions_controller.rb:8:in `new'
  actionpack (3.2.1) lib/action_controller/metal/implicit_render.rb:4:in `send_action'
  actionpack (3.2.1) lib/abstract_controller/base.rb:167:in `process_action'
  actionpack (3.2.1) lib/action_controller/metal/rendering.rb:10:in `process_action'
  actionpack (3.2.1) lib/abstract_controller/callbacks.rb:18:in `block in process_action'
  activesupport (3.2.1) lib/active_support/callbacks.rb:447:in `_run__1941709359622009886__process_action__3206737635379471405__callbacks'
  activesupport (3.2.1) lib/active_support/callbacks.rb:405:in `__run_callback'
  activesupport (3.2.1) lib/active_support/callbacks.rb:385:in `_run_process_action_callbacks'
  activesupport (3.2.1) lib/active_support/callbacks.rb:81:in `run_callbacks'
  actionpack (3.2.1) lib/abstract_controller/callbacks.rb:17:in `process_action'
  actionpack (3.2.1) lib/action_controller/metal/rescue.rb:29:in `process_action'
  actionpack (3.2.1) lib/action_controller/metal/instrumentation.rb:30:in `block in process_action'
  activesupport (3.2.1) lib/active_support/notifications.rb:123:in `block in instrument'
  activesupport (3.2.1) lib/active_support/notifications/instrumenter.rb:20:in `instrument'
  activesupport (3.2.1) lib/active_support/notifications.rb:123:in `instrument'
  actionpack (3.2.1) lib/action_controller/metal/instrumentation.rb:29:in `process_action'
  actionpack (3.2.1) lib/action_controller/metal/params_wrapper.rb:205:in `process_action'
  activerecord (3.2.1) lib/active_record/railties/controller_runtime.rb:18:in `process_action'
  actionpack (3.2.1) lib/abstract_controller/base.rb:121:in `process'
  actionpack (3.2.1) lib/abstract_controller/rendering.rb:45:in `process'
  actionpack (3.2.1) lib/action_controller/metal.rb:203:in `dispatch'
  actionpack (3.2.1) lib/action_controller/metal/rack_delegation.rb:14:in `dispatch'
  actionpack (3.2.1) lib/action_controller/metal.rb:246:in `block in action'
  actionpack (3.2.1) lib/action_dispatch/routing/route_set.rb:66:in `call'
  actionpack (3.2.1) lib/action_dispatch/routing/route_set.rb:66:in `dispatch'
  actionpack (3.2.1) lib/action_dispatch/routing/route_set.rb:30:in `call'
  actionpack (3.2.1) lib/action_dispatch/routing/mapper.rb:40:in `call'
  journey (1.0.4) lib/journey/router.rb:68:in `block in call'
  journey (1.0.4) lib/journey/router.rb:56:in `each'
  journey (1.0.4) lib/journey/router.rb:56:in `call'
  actionpack (3.2.1) lib/action_dispatch/routing/route_set.rb:589:in `call'
  omniauth (1.1.3) lib/omniauth/strategy.rb:177:in `call!'
  omniauth (1.1.3) lib/omniauth/strategy.rb:157:in `call'
  omniauth (1.1.3) lib/omniauth/builder.rb:48:in `call'
  warden (1.2.1) lib/warden/manager.rb:35:in `block in call'
  warden (1.2.1) lib/warden/manager.rb:34:in `catch'
  warden (1.2.1) lib/warden/manager.rb:34:in `call'
  actionpack (3.2.1) lib/action_dispatch/middleware/best_standards_support.rb:17:in `call'
  rack (1.4.5) lib/rack/etag.rb:23:in `call'
  rack (1.4.5) lib/rack/conditionalget.rb:25:in `call'
  actionpack (3.2.1) lib/action_dispatch/middleware/head.rb:14:in `call'
  actionpack (3.2.1) lib/action_dispatch/middleware/params_parser.rb:21:in `call'
  actionpack (3.2.1) lib/action_dispatch/middleware/flash.rb:242:in `call'
  rack (1.4.5) lib/rack/session/abstract/id.rb:210:in `context'
  rack (1.4.5) lib/rack/session/abstract/id.rb:205:in `call'
  actionpack (3.2.1) lib/action_dispatch/middleware/cookies.rb:338:in `call'
  activerecord (3.2.1) lib/active_record/query_cache.rb:64:in `call'
  activerecord (3.2.1) lib/active_record/connection_adapters/abstract/connection_pool.rb:443:in `call'
  actionpack (3.2.1) lib/action_dispatch/middleware/callbacks.rb:28:in `block in call'
  activesupport (3.2.1) lib/active_support/callbacks.rb:405:in `_run__182061341556101143__call__730318129159347345__callbacks'
  activesupport (3.2.1) lib/active_support/callbacks.rb:405:in `__run_callback'
  activesupport (3.2.1) lib/active_support/callbacks.rb:385:in `_run_call_callbacks'
  activesupport (3.2.1) lib/active_support/callbacks.rb:81:in `run_callbacks'
  actionpack (3.2.1) lib/action_dispatch/middleware/callbacks.rb:27:in `call'
  actionpack (3.2.1) lib/action_dispatch/middleware/reloader.rb:65:in `call'
  actionpack (3.2.1) lib/action_dispatch/middleware/remote_ip.rb:31:in `call'
  actionpack (3.2.1) lib/action_dispatch/middleware/debug_exceptions.rb:16:in `call'
  actionpack (3.2.1) lib/action_dispatch/middleware/show_exceptions.rb:56:in `call'
  railties (3.2.1) lib/rails/rack/logger.rb:26:in `call_app'
  railties (3.2.1) lib/rails/rack/logger.rb:16:in `call'
  actionpack (3.2.1) lib/action_dispatch/middleware/request_id.rb:22:in `call'
  rack (1.4.5) lib/rack/methodoverride.rb:21:in `call'
  rack (1.4.5) lib/rack/runtime.rb:17:in `call'
  activesupport (3.2.1) lib/active_support/cache/strategy/local_cache.rb:72:in `call'
  rack (1.4.5) lib/rack/lock.rb:15:in `call'
  actionpack (3.2.1) lib/action_dispatch/middleware/static.rb:53:in `call'
  railties (3.2.1) lib/rails/engine.rb:479:in `call'
  railties (3.2.1) lib/rails/application.rb:220:in `call'
  rack (1.4.5) lib/rack/content_length.rb:14:in `call'
  railties (3.2.1) lib/rails/rack/log_tailer.rb:14:in `call'
  rack (1.4.5) lib/rack/handler/webrick.rb:59:in `service'
  /usr/share/ruby/webrick/httpserver.rb:138:in `service'
  /usr/share/ruby/webrick/httpserver.rb:94:in `run'
  /usr/share/ruby/webrick/server.rb:191:in `block in start_thread'


  Rendered /home/piratefsh/.gem/ruby/1.9.1/gems/actionpack-3.2.1/lib/action_dispatch/middleware/templates/rescues/_trace.erb (5.9ms)
  Rendered /home/piratefsh/.gem/ruby/1.9.1/gems/actionpack-3.2.1/lib/action_dispatch/middleware/templates/rescues/_request_and_response.erb (1.9ms)
  Rendered /home/piratefsh/.gem/ruby/1.9.1/gems/actionpack-3.2.1/lib/action_dispatch/middleware/templates/rescues/diagnostics.erb within rescues/layout (12.8ms)


Started GET "/" for 127.0.0.1 at 2013-04-05 10:52:05 -0500
Processing by HomeController#index as HTML
  Rendered home/index.html.erb within layouts/application (5.4ms)
Completed 200 OK in 47ms (Views: 46.5ms | ActiveRecord: 0.0ms)


Started GET "/assets/application.css?body=1" for 127.0.0.1 at 2013-04-05 10:52:05 -0500
Served asset /application.css - 304 Not Modified (7ms)


Started GET "/assets/jquery_ujs.js?body=1" for 127.0.0.1 at 2013-04-05 10:52:05 -0500
Served asset /jquery_ujs.js - 304 Not Modified (28ms)


Started GET "/assets/sortable_table.js?body=1" for 127.0.0.1 at 2013-04-05 10:52:05 -0500
Served asset /sortable_table.js - 304 Not Modified (2ms)


Started GET "/assets/search_table.js?body=1" for 127.0.0.1 at 2013-04-05 10:52:05 -0500
Served asset /search_table.js - 304 Not Modified (2ms)


Started GET "/assets/jquery.js?body=1" for 127.0.0.1 at 2013-04-05 10:52:05 -0500
Served asset /jquery.js - 304 Not Modified (4ms)


Started GET "/assets/jquery.tablesorter.js?body=1" for 127.0.0.1 at 2013-04-05 10:52:05 -0500
Served asset /jquery.tablesorter.js - 304 Not Modified (3ms)


Started GET "/assets/home.css?body=1" for 127.0.0.1 at 2013-04-05 10:52:05 -0500
Served asset /home.css - 304 Not Modified (2ms)


Started GET "/assets/application.js?body=1" for 127.0.0.1 at 2013-04-05 10:52:05 -0500
Served asset /application.js - 304 Not Modified (8ms)


Started GET "/" for 127.0.0.1 at 2013-04-05 10:57:13 -0500
Processing by HomeController#index as HTML
  Rendered home/index.html.erb within layouts/application (5.8ms)
Completed 200 OK in 46ms (Views: 45.8ms | ActiveRecord: 0.0ms)


Started GET "/assets/application.css?body=1" for 127.0.0.1 at 2013-04-05 10:57:13 -0500
Served asset /application.css - 304 Not Modified (4ms)


Started GET "/assets/jquery.js?body=1" for 127.0.0.1 at 2013-04-05 10:57:13 -0500
Served asset /jquery.js - 304 Not Modified (37ms)


Started GET "/assets/search_table.js?body=1" for 127.0.0.1 at 2013-04-05 10:57:13 -0500
Served asset /search_table.js - 304 Not Modified (1ms)


Started GET "/assets/sortable_table.js?body=1" for 127.0.0.1 at 2013-04-05 10:57:13 -0500
Served asset /sortable_table.js - 304 Not Modified (3ms)


Started GET "/assets/jquery_ujs.js?body=1" for 127.0.0.1 at 2013-04-05 10:57:13 -0500
Served asset /jquery_ujs.js - 304 Not Modified (2ms)


Started GET "/assets/jquery.tablesorter.js?body=1" for 127.0.0.1 at 2013-04-05 10:57:13 -0500
Served asset /jquery.tablesorter.js - 304 Not Modified (2ms)


Started GET "/assets/home.css?body=1" for 127.0.0.1 at 2013-04-05 10:57:13 -0500
Served asset /home.css - 304 Not Modified (2ms)


Started GET "/assets/application.js?body=1" for 127.0.0.1 at 2013-04-05 10:57:13 -0500
Served asset /application.js - 304 Not Modified (13ms)


Started GET "/" for 127.0.0.1 at 2013-04-05 11:07:00 -0500
Processing by HomeController#index as HTML
Completed 500 Internal Server Error in 128ms

ActiveRecord::StatementInvalid (Could not find table 'locations'):
  app/controllers/home_controller.rb:4:in `index'


  Rendered /home/piratefsh/.gem/ruby/1.9.1/gems/actionpack-3.2.3/lib/action_dispatch/middleware/templates/rescues/_trace.erb (7.9ms)
  Rendered /home/piratefsh/.gem/ruby/1.9.1/gems/actionpack-3.2.3/lib/action_dispatch/middleware/templates/rescues/_request_and_response.erb (1.5ms)
  Rendered /home/piratefsh/.gem/ruby/1.9.1/gems/actionpack-3.2.3/lib/action_dispatch/middleware/templates/rescues/diagnostics.erb within rescues/layout (78.0ms)
  [1m[36m (0.3ms)[0m  [1mselect sqlite_version(*)[0m
  [1m[35m (20.2ms)[0m  CREATE TABLE "schema_migrations" ("version" varchar(255) NOT NULL) 
  [1m[36m (0.0ms)[0m  [1mPRAGMA index_list("schema_migrations")[0m
  [1m[35m (12.8ms)[0m  CREATE UNIQUE INDEX "unique_schema_migrations" ON "schema_migrations" ("version")
  [1m[36m (0.1ms)[0m  [1mSELECT "schema_migrations"."version" FROM "schema_migrations" [0m
Migrating to DeviseCreateUsers (20130315201118)
  [1m[35m (0.1ms)[0m  begin transaction
  [1m[36m (0.5ms)[0m  [1mCREATE TABLE "users" ("id" INTEGER PRIMARY KEY AUTOINCREMENT NOT NULL, "email" varchar(255) DEFAULT '' NOT NULL, "encrypted_password" varchar(255) DEFAULT '' NOT NULL, "reset_password_token" varchar(255), "reset_password_sent_at" datetime, "remember_created_at" datetime, "sign_in_count" integer DEFAULT 0, "current_sign_in_at" datetime, "last_sign_in_at" datetime, "current_sign_in_ip" varchar(255), "last_sign_in_ip" varchar(255), "created_at" datetime NOT NULL, "updated_at" datetime NOT NULL) [0m
  [1m[35m (0.1ms)[0m  PRAGMA index_list("users")
  [1m[36m (0.4ms)[0m  [1mCREATE UNIQUE INDEX "index_users_on_email" ON "users" ("email")[0m
  [1m[35m (0.0ms)[0m  PRAGMA index_list("users")
  [1m[36m (0.0ms)[0m  [1mPRAGMA index_info('index_users_on_email')[0m
  [1m[35m (0.2ms)[0m  CREATE UNIQUE INDEX "index_users_on_reset_password_token" ON "users" ("reset_password_token")
  [1m[36m (0.1ms)[0m  [1mINSERT INTO "schema_migrations" ("version") VALUES ('20130315201118')[0m
  [1m[35m (13.3ms)[0m  commit transaction
Migrating to AddNamesToUsers (20130315205039)
  [1m[36m (0.1ms)[0m  [1mbegin transaction[0m
  [1m[35m (0.6ms)[0m  ALTER TABLE "users" ADD "first_name" varchar(255)
  [1m[36m (0.2ms)[0m  [1mALTER TABLE "users" ADD "last_name" varchar(255)[0m
  [1m[35m (0.2ms)[0m  ALTER TABLE "users" ADD "desc" text
  [1m[36m (0.2ms)[0m  [1mINSERT INTO "schema_migrations" ("version") VALUES ('20130315205039')[0m
  [1m[35m (20.2ms)[0m  commit transaction
Migrating to Users (20130316054708)
  [1m[36m (0.3ms)[0m  [1mbegin transaction[0m
  [1m[35m (0.5ms)[0m  INSERT INTO "schema_migrations" ("version") VALUES ('20130316054708')
  [1m[36m (12.5ms)[0m  [1mcommit transaction[0m
Migrating to AddFieldsToUser (20130316155717)
  [1m[35m (0.1ms)[0m  begin transaction
  [1m[36m (0.9ms)[0m  [1mALTER TABLE "users" ADD "uid" int[0m
  [1m[35m (0.2ms)[0m  ALTER TABLE "users" ADD "provider" varchar(255)
  [1m[36m (0.2ms)[0m  [1mALTER TABLE "users" ADD "oauth_token" varchar(255)[0m
  [1m[35m (0.2ms)[0m  ALTER TABLE "users" ADD "oauth_expires_at" datetime
  [1m[36m (0.1ms)[0m  [1mINSERT INTO "schema_migrations" ("version") VALUES ('20130316155717')[0m
  [1m[35m (33.0ms)[0m  commit transaction
Migrating to CreateStudentRoles (20130317003657)
  [1m[36m (0.1ms)[0m  [1mbegin transaction[0m
  [1m[35m (0.8ms)[0m  CREATE TABLE "student_roles" ("id" INTEGER PRIMARY KEY AUTOINCREMENT NOT NULL, "created_at" datetime NOT NULL, "updated_at" datetime NOT NULL) 
  [1m[36m (0.2ms)[0m  [1mINSERT INTO "schema_migrations" ("version") VALUES ('20130317003657')[0m
  [1m[35m (12.8ms)[0m  commit transaction
Migrating to AddFieldsToStudentRole (20130317003926)
  [1m[36m (0.1ms)[0m  [1mbegin transaction[0m
  [1m[35m (0.9ms)[0m  ALTER TABLE "student_roles" ADD "student_ID" integer
  [1m[36m (0.5ms)[0m  [1mALTER TABLE "student_roles" ADD "age" integer[0m
  [1m[35m (0.2ms)[0m  ALTER TABLE "student_roles" ADD "year_in_school" varchar(255)
  [1m[36m (0.2ms)[0m  [1mALTER TABLE "student_roles" ADD "transportation" boolean[0m
  [1m[35m (0.2ms)[0m  INSERT INTO "schema_migrations" ("version") VALUES ('20130317003926')
  [1m[36m (23.5ms)[0m  [1mcommit transaction[0m
Migrating to CreateTutorRoles (20130317004649)
  [1m[35m (0.1ms)[0m  begin transaction
  [1m[36m (1.0ms)[0m  [1mCREATE TABLE "tutor_roles" ("id" INTEGER PRIMARY KEY AUTOINCREMENT NOT NULL, "created_at" datetime NOT NULL, "updated_at" datetime NOT NULL) [0m
  [1m[35m (0.4ms)[0m  INSERT INTO "schema_migrations" ("version") VALUES ('20130317004649')
  [1m[36m (13.6ms)[0m  [1mcommit transaction[0m
Migrating to AddFieldsToTutorRole (20130317005312)
  [1m[35m (0.1ms)[0m  begin transaction
  [1m[36m (0.8ms)[0m  [1mALTER TABLE "tutor_roles" ADD "tutor_ID" integer[0m
  [1m[35m (0.1ms)[0m  ALTER TABLE "tutor_roles" ADD "age" integer
  [1m[36m (0.1ms)[0m  [1mALTER TABLE "tutor_roles" ADD "year_in_school" varchar(255)[0m
  [1m[35m (0.1ms)[0m  ALTER TABLE "tutor_roles" ADD "rating" float
  [1m[36m (0.2ms)[0m  [1mALTER TABLE "tutor_roles" ADD "transportation" boolean[0m
  [1m[35m (0.2ms)[0m  INSERT INTO "schema_migrations" ("version") VALUES ('20130317005312')
  [1m[36m (13.6ms)[0m  [1mcommit transaction[0m
Migrating to CreateOrganizationRoles (20130317012252)
  [1m[35m (0.1ms)[0m  begin transaction
  [1m[36m (0.7ms)[0m  [1mCREATE TABLE "organization_roles" ("id" INTEGER PRIMARY KEY AUTOINCREMENT NOT NULL, "created_at" datetime NOT NULL, "updated_at" datetime NOT NULL) [0m
  [1m[35m (0.2ms)[0m  INSERT INTO "schema_migrations" ("version") VALUES ('20130317012252')
  [1m[36m (18.4ms)[0m  [1mcommit transaction[0m
Migrating to AddFieldsToOrganizationRole (20130317012827)
  [1m[35m (0.1ms)[0m  begin transaction
  [1m[36m (1.1ms)[0m  [1mALTER TABLE "organization_roles" ADD "organization_ID" integer[0m
  [1m[35m (0.7ms)[0m  ALTER TABLE "organization_roles" ADD "organization_name" varchar(255)
  [1m[36m (0.5ms)[0m  [1mINSERT INTO "schema_migrations" ("version") VALUES ('20130317012827')[0m
  [1m[35m (13.8ms)[0m  commit transaction
Migrating to CreateLocations (20130403225627)
  [1m[36m (0.1ms)[0m  [1mbegin transaction[0m
  [1m[35m (0.8ms)[0m  CREATE TABLE "locations" ("id" INTEGER PRIMARY KEY AUTOINCREMENT NOT NULL, "name" varchar(255), "address" varchar(255), "longitude" float, "latitude" float, "created_at" datetime NOT NULL, "updated_at" datetime NOT NULL) 
  [1m[36m (0.2ms)[0m  [1mINSERT INTO "schema_migrations" ("version") VALUES ('20130403225627')[0m
  [1m[35m (24.1ms)[0m  commit transaction
  [1m[36m (0.9ms)[0m  [1mselect sqlite_version(*)[0m
  [1m[35m (0.3ms)[0m  SELECT "schema_migrations"."version" FROM "schema_migrations" 
  [1m[36m (0.1ms)[0m  [1mPRAGMA index_list("locations")[0m
  [1m[35m (0.1ms)[0m  PRAGMA index_list("organization_roles")
  [1m[36m (0.1ms)[0m  [1mPRAGMA index_list("student_roles")[0m
  [1m[35m (0.1ms)[0m  PRAGMA index_list("tutor_roles")
  [1m[36m (0.1ms)[0m  [1mPRAGMA index_list("users")[0m
  [1m[35m (0.1ms)[0m  PRAGMA index_info('index_users_on_reset_password_token')
  [1m[36m (0.1ms)[0m  [1mPRAGMA index_info('index_users_on_email')[0m


Started GET "/" for 127.0.0.1 at 2013-04-05 11:07:33 -0500
Processing by HomeController#index as HTML
  [1m[36mLocation Load (0.1ms)[0m  [1mSELECT "locations".* FROM "locations" [0m
  [1m[35mCACHE (0.0ms)[0m  SELECT "locations".* FROM "locations" 
Compiled gmaps4rails.css  (0ms)  (pid 30564)
  Rendered /home/piratefsh/.gem/ruby/1.9.1/gems/gmaps4rails-1.5.6/app/views/gmaps4rails/_gmaps4rails.html.erb (1.8ms)
  Rendered home/index.html.erb within layouts/application (77.3ms)
Compiled gmaps4rails/gmaps4rails.base.js  (351ms)  (pid 30564)
Compiled gmaps4rails/gmaps4rails.bing.js  (57ms)  (pid 30564)
Compiled gmaps4rails/gmaps4rails.googlemaps.js  (241ms)  (pid 30564)
Compiled gmaps4rails/gmaps4rails.mapquest.js  (68ms)  (pid 30564)
Compiled gmaps4rails/gmaps4rails.openlayers.js  (66ms)  (pid 30564)
Compiled locations.js  (2ms)  (pid 30564)
Compiled application.js  (891ms)  (pid 30564)
Completed 200 OK in 1002ms (Views: 996.6ms | ActiveRecord: 0.6ms)


Started GET "/assets/gmaps4rails/gmaps4rails.base.js?body=1" for 127.0.0.1 at 2013-04-05 11:07:34 -0500
Served asset /gmaps4rails/gmaps4rails.base.js - 200 OK (2ms)


Started GET "/assets/gmaps4rails/gmaps4rails.bing.js?body=1" for 127.0.0.1 at 2013-04-05 11:07:34 -0500
Served asset /gmaps4rails/gmaps4rails.bing.js - 200 OK (2ms)


Started GET "/assets/gmaps4rails/gmaps4rails.googlemaps.js?body=1" for 127.0.0.1 at 2013-04-05 11:07:34 -0500
Served asset /gmaps4rails/gmaps4rails.googlemaps.js - 200 OK (2ms)


Started GET "/assets/gmaps4rails/gmaps4rails.mapquest.js?body=1" for 127.0.0.1 at 2013-04-05 11:07:34 -0500
Served asset /gmaps4rails/gmaps4rails.mapquest.js - 200 OK (2ms)


Started GET "/assets/gmaps4rails.css?body=1" for 127.0.0.1 at 2013-04-05 11:07:34 -0500
Served asset /gmaps4rails.css - 200 OK (2ms)


Started GET "/assets/application.css?body=1" for 127.0.0.1 at 2013-04-05 11:07:34 -0500
Served asset /application.css - 304 Not Modified (1ms)


Started GET "/assets/home.css?body=1" for 127.0.0.1 at 2013-04-05 11:07:34 -0500
Served asset /home.css - 304 Not Modified (1ms)


Started GET "/assets/gmaps4rails/gmaps4rails.openlayers.js?body=1" for 127.0.0.1 at 2013-04-05 11:07:34 -0500
Served asset /gmaps4rails/gmaps4rails.openlayers.js - 200 OK (2ms)


Started GET "/assets/locations.js?body=1" for 127.0.0.1 at 2013-04-05 11:07:34 -0500
Served asset /locations.js - 200 OK (1ms)


Started GET "/assets/jquery.js?body=1" for 127.0.0.1 at 2013-04-05 11:07:34 -0500
Served asset /jquery.js - 304 Not Modified (3ms)


Started GET "/assets/sortable_table.js?body=1" for 127.0.0.1 at 2013-04-05 11:07:34 -0500
Served asset /sortable_table.js - 304 Not Modified (2ms)


Started GET "/assets/jquery_ujs.js?body=1" for 127.0.0.1 at 2013-04-05 11:07:34 -0500
Served asset /jquery_ujs.js - 304 Not Modified (2ms)


Started GET "/assets/search_table.js?body=1" for 127.0.0.1 at 2013-04-05 11:07:34 -0500
Served asset /search_table.js - 304 Not Modified (2ms)


Started GET "/assets/application.js?body=1" for 127.0.0.1 at 2013-04-05 11:07:34 -0500
Served asset /application.js - 304 Not Modified (26ms)


Started GET "/assets/jquery.tablesorter.js?body=1" for 127.0.0.1 at 2013-04-05 11:07:34 -0500
Served asset /jquery.tablesorter.js - 304 Not Modified (3ms)


Started GET "/" for 127.0.0.1 at 2013-04-05 11:27:28 -0500
Processing by HomeController#index as HTML
  [1m[36mLocation Load (0.2ms)[0m  [1mSELECT "locations".* FROM "locations" [0m
  [1m[35mCACHE (0.0ms)[0m  SELECT "locations".* FROM "locations" 
  Rendered /home/piratefsh/.gem/ruby/1.9.1/gems/gmaps4rails-1.5.6/app/views/gmaps4rails/_gmaps4rails.html.erb (4.5ms)
  Rendered home/index.html.erb within layouts/application (129.2ms)
Completed 200 OK in 556ms (Views: 373.3ms | ActiveRecord: 7.9ms)


Started GET "/assets/application.css?body=1" for 127.0.0.1 at 2013-04-05 11:27:29 -0500
Served asset /application.css - 304 Not Modified (1ms)


Started GET "/assets/jquery.js?body=1" for 127.0.0.1 at 2013-04-05 11:27:29 -0500
Served asset /jquery.js - 304 Not Modified (8ms)


Started GET "/assets/gmaps4rails/gmaps4rails.base.js?body=1" for 127.0.0.1 at 2013-04-05 11:27:29 -0500
Served asset /gmaps4rails/gmaps4rails.base.js - 304 Not Modified (1ms)


Started GET "/assets/gmaps4rails/gmaps4rails.bing.js?body=1" for 127.0.0.1 at 2013-04-05 11:27:29 -0500
Served asset /gmaps4rails/gmaps4rails.bing.js - 304 Not Modified (1ms)


Started GET "/assets/gmaps4rails/gmaps4rails.googlemaps.js?body=1" for 127.0.0.1 at 2013-04-05 11:27:29 -0500
Served asset /gmaps4rails/gmaps4rails.googlemaps.js - 304 Not Modified (2ms)


Started GET "/assets/home.css?body=1" for 127.0.0.1 at 2013-04-05 11:27:29 -0500
Served asset /home.css - 304 Not Modified (3ms)


Started GET "/assets/gmaps4rails.css?body=1" for 127.0.0.1 at 2013-04-05 11:27:29 -0500
Served asset /gmaps4rails.css - 304 Not Modified (2ms)


Started GET "/assets/gmaps4rails/gmaps4rails.mapquest.js?body=1" for 127.0.0.1 at 2013-04-05 11:27:29 -0500
Served asset /gmaps4rails/gmaps4rails.mapquest.js - 304 Not Modified (1ms)


Started GET "/assets/gmaps4rails/gmaps4rails.openlayers.js?body=1" for 127.0.0.1 at 2013-04-05 11:27:29 -0500
Served asset /gmaps4rails/gmaps4rails.openlayers.js - 304 Not Modified (2ms)


Started GET "/assets/locations.js?body=1" for 127.0.0.1 at 2013-04-05 11:27:29 -0500
Served asset /locations.js - 304 Not Modified (1ms)


Started GET "/assets/sortable_table.js?body=1" for 127.0.0.1 at 2013-04-05 11:27:29 -0500
Served asset /sortable_table.js - 304 Not Modified (1ms)


Started GET "/assets/search_table.js?body=1" for 127.0.0.1 at 2013-04-05 11:27:29 -0500
Served asset /search_table.js - 304 Not Modified (2ms)


Started GET "/assets/jquery.tablesorter.js?body=1" for 127.0.0.1 at 2013-04-05 11:27:29 -0500
Served asset /jquery.tablesorter.js - 304 Not Modified (2ms)


Started GET "/assets/application.js?body=1" for 127.0.0.1 at 2013-04-05 11:27:29 -0500
Served asset /application.js - 304 Not Modified (18ms)


Started GET "/assets/jquery_ujs.js?body=1" for 127.0.0.1 at 2013-04-05 11:27:29 -0500
Served asset /jquery_ujs.js - 304 Not Modified (3ms)


Started GET "/" for 127.0.0.1 at 2013-04-05 16:32:46 -0500
Processing by HomeController#index as HTML
  [1m[36mLocation Load (0.3ms)[0m  [1mSELECT "locations".* FROM "locations" [0m
  [1m[35mCACHE (0.0ms)[0m  SELECT "locations".* FROM "locations" 
  Rendered /home/piratefsh/.gem/ruby/1.9.1/gems/gmaps4rails-1.5.6/app/views/gmaps4rails/_gmaps4rails.html.erb (1.5ms)
  Rendered home/index.html.erb within layouts/application (65.2ms)
Completed 200 OK in 391ms (Views: 225.3ms | ActiveRecord: 8.0ms)


Started GET "/assets/application.css?body=1" for 127.0.0.1 at 2013-04-05 16:32:47 -0500
Served asset /application.css - 304 Not Modified (2ms)


Started GET "/assets/gmaps4rails/gmaps4rails.base.js?body=1" for 127.0.0.1 at 2013-04-05 16:32:47 -0500
Served asset /gmaps4rails/gmaps4rails.base.js - 304 Not Modified (2ms)


Started GET "/assets/gmaps4rails/gmaps4rails.bing.js?body=1" for 127.0.0.1 at 2013-04-05 16:32:47 -0500
Served asset /gmaps4rails/gmaps4rails.bing.js - 304 Not Modified (5ms)


Started GET "/assets/gmaps4rails/gmaps4rails.googlemaps.js?body=1" for 127.0.0.1 at 2013-04-05 16:32:47 -0500
Served asset /gmaps4rails/gmaps4rails.googlemaps.js - 304 Not Modified (2ms)


Started GET "/assets/gmaps4rails/gmaps4rails.openlayers.js?body=1" for 127.0.0.1 at 2013-04-05 16:32:47 -0500
Served asset /gmaps4rails/gmaps4rails.openlayers.js - 304 Not Modified (2ms)


Started GET "/assets/sortable_table.js?body=1" for 127.0.0.1 at 2013-04-05 16:32:47 -0500
Served asset /sortable_table.js - 304 Not Modified (1ms)


Started GET "/assets/home.css?body=1" for 127.0.0.1 at 2013-04-05 16:32:47 -0500
Served asset /home.css - 304 Not Modified (3ms)


Started GET "/assets/gmaps4rails.css?body=1" for 127.0.0.1 at 2013-04-05 16:32:47 -0500
Served asset /gmaps4rails.css - 304 Not Modified (2ms)


Started GET "/assets/gmaps4rails/gmaps4rails.mapquest.js?body=1" for 127.0.0.1 at 2013-04-05 16:32:47 -0500
Served asset /gmaps4rails/gmaps4rails.mapquest.js - 304 Not Modified (2ms)


Started GET "/assets/locations.js?body=1" for 127.0.0.1 at 2013-04-05 16:32:47 -0500
Served asset /locations.js - 304 Not Modified (2ms)


Started GET "/assets/jquery_ujs.js?body=1" for 127.0.0.1 at 2013-04-05 16:32:47 -0500
Served asset /jquery_ujs.js - 304 Not Modified (3ms)


Started GET "/assets/jquery.js?body=1" for 127.0.0.1 at 2013-04-05 16:32:47 -0500
Served asset /jquery.js - 304 Not Modified (4ms)


Started GET "/assets/search_table.js?body=1" for 127.0.0.1 at 2013-04-05 16:32:47 -0500
Served asset /search_table.js - 304 Not Modified (6ms)


Started GET "/assets/jquery.tablesorter.js?body=1" for 127.0.0.1 at 2013-04-05 16:32:47 -0500
Served asset /jquery.tablesorter.js - 304 Not Modified (2ms)


Started GET "/assets/application.js?body=1" for 127.0.0.1 at 2013-04-05 16:32:47 -0500
Served asset /application.js - 304 Not Modified (18ms)


Started GET "/search" for 127.0.0.1 at 2013-04-05 16:32:49 -0500
Processing by SearchController#index as HTML
  [1m[36mUser Load (0.1ms)[0m  [1mSELECT "users".* FROM "users" [0m
Completed 500 Internal Server Error in 4ms

AbstractController::DoubleRenderError (Render and/or redirect were called multiple times in this action. Please note that you may only call render OR redirect, and at most once per action. Also note that neither redirect nor render terminate execution of the action, so if you want to exit an action after redirecting, you need to do something like "redirect_to(...) and return".):
  app/controllers/search_controller.rb:17:in `index'


  Rendered /home/piratefsh/.gem/ruby/1.9.1/gems/actionpack-3.2.3/lib/action_dispatch/middleware/templates/rescues/_trace.erb (4.7ms)
  Rendered /home/piratefsh/.gem/ruby/1.9.1/gems/actionpack-3.2.3/lib/action_dispatch/middleware/templates/rescues/_request_and_response.erb (1.2ms)
  Rendered /home/piratefsh/.gem/ruby/1.9.1/gems/actionpack-3.2.3/lib/action_dispatch/middleware/templates/rescues/diagnostics.erb within rescues/layout (16.9ms)


Started GET "/search" for 127.0.0.1 at 2013-04-05 16:34:10 -0500
Processing by SearchController#index as HTML
  [1m[35mUser Load (0.3ms)[0m  SELECT "users".* FROM "users" 
Compiled search.css  (0ms)  (pid 5225)
  Rendered search/index.html.erb within layouts/application (104.4ms)
Completed 200 OK in 152ms (Views: 123.2ms | ActiveRecord: 3.5ms)


Started GET "/assets/application.css?body=1" for 127.0.0.1 at 2013-04-05 16:34:10 -0500
Served asset /application.css - 304 Not Modified (0ms)


Started GET "/assets/jquery.js?body=1" for 127.0.0.1 at 2013-04-05 16:34:10 -0500
Served asset /jquery.js - 304 Not Modified (1ms)


Started GET "/assets/jquery_ujs.js?body=1" for 127.0.0.1 at 2013-04-05 16:34:10 -0500
Served asset /jquery_ujs.js - 304 Not Modified (0ms)


Started GET "/assets/gmaps4rails/gmaps4rails.base.js?body=1" for 127.0.0.1 at 2013-04-05 16:34:10 -0500
Served asset /gmaps4rails/gmaps4rails.base.js - 304 Not Modified (0ms)


Started GET "/assets/gmaps4rails/gmaps4rails.bing.js?body=1" for 127.0.0.1 at 2013-04-05 16:34:10 -0500
Served asset /gmaps4rails/gmaps4rails.bing.js - 304 Not Modified (0ms)


Started GET "/assets/gmaps4rails/gmaps4rails.googlemaps.js?body=1" for 127.0.0.1 at 2013-04-05 16:34:10 -0500
Served asset /gmaps4rails/gmaps4rails.googlemaps.js - 304 Not Modified (0ms)


Started GET "/assets/gmaps4rails/gmaps4rails.mapquest.js?body=1" for 127.0.0.1 at 2013-04-05 16:34:10 -0500
Served asset /gmaps4rails/gmaps4rails.mapquest.js - 304 Not Modified (0ms)


Started GET "/assets/gmaps4rails/gmaps4rails.openlayers.js?body=1" for 127.0.0.1 at 2013-04-05 16:34:10 -0500
Served asset /gmaps4rails/gmaps4rails.openlayers.js - 304 Not Modified (0ms)


Started GET "/assets/search.css?body=1" for 127.0.0.1 at 2013-04-05 16:34:10 -0500
Served asset /search.css - 200 OK (2ms)


Started GET "/assets/locations.js?body=1" for 127.0.0.1 at 2013-04-05 16:34:10 -0500
Served asset /locations.js - 304 Not Modified (0ms)


Started GET "/assets/sortable_table.js?body=1" for 127.0.0.1 at 2013-04-05 16:34:10 -0500
Served asset /sortable_table.js - 304 Not Modified (0ms)


Started GET "/assets/search_table.js?body=1" for 127.0.0.1 at 2013-04-05 16:34:10 -0500
Served asset /search_table.js - 304 Not Modified (0ms)


Started GET "/assets/jquery.tablesorter.js?body=1" for 127.0.0.1 at 2013-04-05 16:34:10 -0500
Served asset /jquery.tablesorter.js - 304 Not Modified (0ms)


Started GET "/assets/application.js?body=1" for 127.0.0.1 at 2013-04-05 16:34:10 -0500
Served asset /application.js - 304 Not Modified (3ms)


Started GET "/search" for 127.0.0.1 at 2013-04-05 16:34:16 -0500
Processing by SearchController#index as HTML
  [1m[36mUser Load (0.3ms)[0m  [1mSELECT "users".* FROM "users" [0m
  Rendered search/index.html.erb within layouts/application (1.9ms)
Completed 200 OK in 12ms (Views: 10.8ms | ActiveRecord: 0.3ms)


Started GET "/assets/application.css?body=1" for 127.0.0.1 at 2013-04-05 16:34:16 -0500
Served asset /application.css - 304 Not Modified (0ms)


Started GET "/assets/jquery.js?body=1" for 127.0.0.1 at 2013-04-05 16:34:16 -0500
Served asset /jquery.js - 304 Not Modified (1ms)


Started GET "/assets/jquery_ujs.js?body=1" for 127.0.0.1 at 2013-04-05 16:34:16 -0500
Served asset /jquery_ujs.js - 304 Not Modified (0ms)


Started GET "/assets/gmaps4rails/gmaps4rails.base.js?body=1" for 127.0.0.1 at 2013-04-05 16:34:16 -0500
Served asset /gmaps4rails/gmaps4rails.base.js - 304 Not Modified (0ms)


Started GET "/assets/search.css?body=1" for 127.0.0.1 at 2013-04-05 16:34:16 -0500
Served asset /search.css - 304 Not Modified (0ms)


Started GET "/assets/gmaps4rails/gmaps4rails.bing.js?body=1" for 127.0.0.1 at 2013-04-05 16:34:16 -0500
Served asset /gmaps4rails/gmaps4rails.bing.js - 304 Not Modified (1ms)


Started GET "/assets/gmaps4rails/gmaps4rails.googlemaps.js?body=1" for 127.0.0.1 at 2013-04-05 16:34:16 -0500
Served asset /gmaps4rails/gmaps4rails.googlemaps.js - 304 Not Modified (0ms)


Started GET "/assets/gmaps4rails/gmaps4rails.mapquest.js?body=1" for 127.0.0.1 at 2013-04-05 16:34:16 -0500
Served asset /gmaps4rails/gmaps4rails.mapquest.js - 304 Not Modified (0ms)


Started GET "/assets/gmaps4rails/gmaps4rails.openlayers.js?body=1" for 127.0.0.1 at 2013-04-05 16:34:16 -0500
Served asset /gmaps4rails/gmaps4rails.openlayers.js - 304 Not Modified (0ms)


Started GET "/assets/locations.js?body=1" for 127.0.0.1 at 2013-04-05 16:34:16 -0500
Served asset /locations.js - 304 Not Modified (0ms)


Started GET "/assets/search_table.js?body=1" for 127.0.0.1 at 2013-04-05 16:34:16 -0500
Served asset /search_table.js - 304 Not Modified (0ms)


Started GET "/assets/sortable_table.js?body=1" for 127.0.0.1 at 2013-04-05 16:34:16 -0500
Served asset /sortable_table.js - 304 Not Modified (0ms)


Started GET "/assets/jquery.tablesorter.js?body=1" for 127.0.0.1 at 2013-04-05 16:34:16 -0500
Served asset /jquery.tablesorter.js - 304 Not Modified (0ms)


Started GET "/assets/application.js?body=1" for 127.0.0.1 at 2013-04-05 16:34:16 -0500
Served asset /application.js - 304 Not Modified (2ms)


Started GET "/search" for 127.0.0.1 at 2013-04-05 16:34:32 -0500
Processing by SearchController#index as HTML
  [1m[35mUser Load (0.3ms)[0m  SELECT "users".* FROM "users" 
  Rendered search/index.html.erb within layouts/application (2.7ms)
Completed 200 OK in 40ms (Views: 21.2ms | ActiveRecord: 1.4ms)


Started GET "/assets/application.css?body=1" for 127.0.0.1 at 2013-04-05 16:34:32 -0500
Served asset /application.css - 304 Not Modified (0ms)


Started GET "/assets/jquery.js?body=1" for 127.0.0.1 at 2013-04-05 16:34:32 -0500
Served asset /jquery.js - 304 Not Modified (1ms)


Started GET "/assets/jquery_ujs.js?body=1" for 127.0.0.1 at 2013-04-05 16:34:32 -0500
Served asset /jquery_ujs.js - 304 Not Modified (0ms)


Started GET "/assets/gmaps4rails/gmaps4rails.base.js?body=1" for 127.0.0.1 at 2013-04-05 16:34:32 -0500
Served asset /gmaps4rails/gmaps4rails.base.js - 304 Not Modified (0ms)


Started GET "/assets/gmaps4rails/gmaps4rails.bing.js?body=1" for 127.0.0.1 at 2013-04-05 16:34:32 -0500
Served asset /gmaps4rails/gmaps4rails.bing.js - 304 Not Modified (0ms)


Started GET "/assets/search.css?body=1" for 127.0.0.1 at 2013-04-05 16:34:32 -0500
Served asset /search.css - 304 Not Modified (0ms)


Started GET "/assets/gmaps4rails/gmaps4rails.googlemaps.js?body=1" for 127.0.0.1 at 2013-04-05 16:34:32 -0500
Served asset /gmaps4rails/gmaps4rails.googlemaps.js - 304 Not Modified (0ms)


Started GET "/assets/gmaps4rails/gmaps4rails.mapquest.js?body=1" for 127.0.0.1 at 2013-04-05 16:34:32 -0500
Served asset /gmaps4rails/gmaps4rails.mapquest.js - 304 Not Modified (0ms)


Started GET "/assets/gmaps4rails/gmaps4rails.openlayers.js?body=1" for 127.0.0.1 at 2013-04-05 16:34:32 -0500
Served asset /gmaps4rails/gmaps4rails.openlayers.js - 304 Not Modified (0ms)


Started GET "/assets/locations.js?body=1" for 127.0.0.1 at 2013-04-05 16:34:32 -0500
Served asset /locations.js - 304 Not Modified (0ms)


Started GET "/assets/search_table.js?body=1" for 127.0.0.1 at 2013-04-05 16:34:32 -0500
Served asset /search_table.js - 304 Not Modified (0ms)


Started GET "/assets/sortable_table.js?body=1" for 127.0.0.1 at 2013-04-05 16:34:32 -0500
Served asset /sortable_table.js - 304 Not Modified (0ms)


Started GET "/assets/jquery.tablesorter.js?body=1" for 127.0.0.1 at 2013-04-05 16:34:32 -0500
Served asset /jquery.tablesorter.js - 304 Not Modified (0ms)


Started GET "/assets/application.js?body=1" for 127.0.0.1 at 2013-04-05 16:34:32 -0500
Served asset /application.js - 304 Not Modified (3ms)


Started GET "/search" for 127.0.0.1 at 2013-04-05 16:35:23 -0500
Processing by SearchController#index as HTML
  [1m[36mUser Load (0.1ms)[0m  [1mSELECT "users".* FROM "users" [0m
  Rendered search/index.html.erb within layouts/application (1.6ms)
Completed 200 OK in 70ms (Views: 9.5ms | ActiveRecord: 0.6ms)


Started GET "/assets/application.css?body=1" for 127.0.0.1 at 2013-04-05 16:35:23 -0500
Served asset /application.css - 304 Not Modified (0ms)


Started GET "/assets/jquery.js?body=1" for 127.0.0.1 at 2013-04-05 16:35:23 -0500
Served asset /jquery.js - 304 Not Modified (1ms)


Started GET "/assets/jquery_ujs.js?body=1" for 127.0.0.1 at 2013-04-05 16:35:23 -0500
Served asset /jquery_ujs.js - 304 Not Modified (0ms)


Started GET "/assets/gmaps4rails/gmaps4rails.base.js?body=1" for 127.0.0.1 at 2013-04-05 16:35:23 -0500
Served asset /gmaps4rails/gmaps4rails.base.js - 304 Not Modified (0ms)


Started GET "/assets/gmaps4rails/gmaps4rails.bing.js?body=1" for 127.0.0.1 at 2013-04-05 16:35:23 -0500
Served asset /gmaps4rails/gmaps4rails.bing.js - 304 Not Modified (0ms)


Started GET "/assets/search.css?body=1" for 127.0.0.1 at 2013-04-05 16:35:23 -0500
Served asset /search.css - 304 Not Modified (0ms)


Started GET "/assets/gmaps4rails/gmaps4rails.googlemaps.js?body=1" for 127.0.0.1 at 2013-04-05 16:35:23 -0500
Served asset /gmaps4rails/gmaps4rails.googlemaps.js - 304 Not Modified (0ms)


Started GET "/assets/gmaps4rails/gmaps4rails.mapquest.js?body=1" for 127.0.0.1 at 2013-04-05 16:35:23 -0500
Served asset /gmaps4rails/gmaps4rails.mapquest.js - 304 Not Modified (0ms)


Started GET "/assets/gmaps4rails/gmaps4rails.openlayers.js?body=1" for 127.0.0.1 at 2013-04-05 16:35:23 -0500
Served asset /gmaps4rails/gmaps4rails.openlayers.js - 304 Not Modified (0ms)


Started GET "/assets/locations.js?body=1" for 127.0.0.1 at 2013-04-05 16:35:23 -0500
Served asset /locations.js - 304 Not Modified (0ms)


Started GET "/assets/search_table.js?body=1" for 127.0.0.1 at 2013-04-05 16:35:23 -0500
Served asset /search_table.js - 304 Not Modified (0ms)


Started GET "/assets/sortable_table.js?body=1" for 127.0.0.1 at 2013-04-05 16:35:23 -0500
Served asset /sortable_table.js - 304 Not Modified (0ms)


Started GET "/assets/jquery.tablesorter.js?body=1" for 127.0.0.1 at 2013-04-05 16:35:23 -0500
Served asset /jquery.tablesorter.js - 304 Not Modified (0ms)


Started GET "/assets/application.js?body=1" for 127.0.0.1 at 2013-04-05 16:35:23 -0500
Served asset /application.js - 304 Not Modified (3ms)


Started GET "/search" for 127.0.0.1 at 2013-04-05 16:35:24 -0500
Processing by SearchController#index as HTML
  [1m[35mUser Load (0.6ms)[0m  SELECT "users".* FROM "users" 
  Rendered search/index.html.erb within layouts/application (1.3ms)
Completed 200 OK in 15ms (Views: 12.1ms | ActiveRecord: 0.6ms)


Started GET "/assets/application.css?body=1" for 127.0.0.1 at 2013-04-05 16:35:24 -0500
Served asset /application.css - 304 Not Modified (0ms)


Started GET "/assets/jquery.js?body=1" for 127.0.0.1 at 2013-04-05 16:35:24 -0500
Served asset /jquery.js - 304 Not Modified (1ms)


Started GET "/assets/jquery_ujs.js?body=1" for 127.0.0.1 at 2013-04-05 16:35:24 -0500
Served asset /jquery_ujs.js - 304 Not Modified (0ms)


Started GET "/assets/gmaps4rails/gmaps4rails.base.js?body=1" for 127.0.0.1 at 2013-04-05 16:35:24 -0500
Served asset /gmaps4rails/gmaps4rails.base.js - 304 Not Modified (0ms)


Started GET "/assets/search.css?body=1" for 127.0.0.1 at 2013-04-05 16:35:24 -0500
Served asset /search.css - 304 Not Modified (0ms)


Started GET "/assets/gmaps4rails/gmaps4rails.bing.js?body=1" for 127.0.0.1 at 2013-04-05 16:35:24 -0500
Served asset /gmaps4rails/gmaps4rails.bing.js - 304 Not Modified (0ms)


Started GET "/assets/gmaps4rails/gmaps4rails.googlemaps.js?body=1" for 127.0.0.1 at 2013-04-05 16:35:24 -0500
Served asset /gmaps4rails/gmaps4rails.googlemaps.js - 304 Not Modified (0ms)


Started GET "/assets/gmaps4rails/gmaps4rails.mapquest.js?body=1" for 127.0.0.1 at 2013-04-05 16:35:24 -0500
Served asset /gmaps4rails/gmaps4rails.mapquest.js - 304 Not Modified (0ms)


Started GET "/assets/gmaps4rails/gmaps4rails.openlayers.js?body=1" for 127.0.0.1 at 2013-04-05 16:35:24 -0500
Served asset /gmaps4rails/gmaps4rails.openlayers.js - 304 Not Modified (0ms)


Started GET "/assets/locations.js?body=1" for 127.0.0.1 at 2013-04-05 16:35:24 -0500
Served asset /locations.js - 304 Not Modified (0ms)


Started GET "/assets/search_table.js?body=1" for 127.0.0.1 at 2013-04-05 16:35:24 -0500
Served asset /search_table.js - 304 Not Modified (0ms)


Started GET "/assets/sortable_table.js?body=1" for 127.0.0.1 at 2013-04-05 16:35:24 -0500
Served asset /sortable_table.js - 304 Not Modified (0ms)


Started GET "/assets/jquery.tablesorter.js?body=1" for 127.0.0.1 at 2013-04-05 16:35:24 -0500
Served asset /jquery.tablesorter.js - 304 Not Modified (0ms)


Started GET "/assets/application.js?body=1" for 127.0.0.1 at 2013-04-05 16:35:24 -0500
Served asset /application.js - 304 Not Modified (3ms)


Started GET "/search.json" for 127.0.0.1 at 2013-04-05 16:36:18 -0500
Processing by SearchController#index as JSON
  [1m[36mUser Load (0.2ms)[0m  [1mSELECT "users".* FROM "users" [0m
Completed 200 OK in 1ms (Views: 0.1ms | ActiveRecord: 0.2ms)


Started GET "/search" for 127.0.0.1 at 2013-04-05 16:36:59 -0500
Processing by SearchController#index as HTML
  [1m[35mUser Load (0.5ms)[0m  SELECT "users".* FROM "users" 
  Rendered search/index.html.erb within layouts/application (1.6ms)
Completed 200 OK in 13ms (Views: 10.9ms | ActiveRecord: 0.5ms)


Started GET "/assets/application.css?body=1" for 127.0.0.1 at 2013-04-05 16:36:59 -0500
Served asset /application.css - 304 Not Modified (0ms)


Started GET "/assets/jquery.js?body=1" for 127.0.0.1 at 2013-04-05 16:36:59 -0500
Served asset /jquery.js - 304 Not Modified (0ms)


Started GET "/assets/jquery_ujs.js?body=1" for 127.0.0.1 at 2013-04-05 16:36:59 -0500
Served asset /jquery_ujs.js - 304 Not Modified (0ms)


Started GET "/assets/gmaps4rails/gmaps4rails.base.js?body=1" for 127.0.0.1 at 2013-04-05 16:36:59 -0500
Served asset /gmaps4rails/gmaps4rails.base.js - 304 Not Modified (0ms)


Started GET "/assets/gmaps4rails/gmaps4rails.bing.js?body=1" for 127.0.0.1 at 2013-04-05 16:36:59 -0500
Served asset /gmaps4rails/gmaps4rails.bing.js - 304 Not Modified (0ms)


Started GET "/assets/search.css?body=1" for 127.0.0.1 at 2013-04-05 16:36:59 -0500
Served asset /search.css - 304 Not Modified (0ms)


Started GET "/assets/gmaps4rails/gmaps4rails.googlemaps.js?body=1" for 127.0.0.1 at 2013-04-05 16:36:59 -0500
Served asset /gmaps4rails/gmaps4rails.googlemaps.js - 304 Not Modified (0ms)


Started GET "/assets/gmaps4rails/gmaps4rails.mapquest.js?body=1" for 127.0.0.1 at 2013-04-05 16:36:59 -0500
Served asset /gmaps4rails/gmaps4rails.mapquest.js - 304 Not Modified (0ms)


Started GET "/assets/gmaps4rails/gmaps4rails.openlayers.js?body=1" for 127.0.0.1 at 2013-04-05 16:36:59 -0500
Served asset /gmaps4rails/gmaps4rails.openlayers.js - 304 Not Modified (0ms)


Started GET "/assets/locations.js?body=1" for 127.0.0.1 at 2013-04-05 16:36:59 -0500
Served asset /locations.js - 304 Not Modified (0ms)


Started GET "/assets/search_table.js?body=1" for 127.0.0.1 at 2013-04-05 16:36:59 -0500
Served asset /search_table.js - 304 Not Modified (0ms)


Started GET "/assets/sortable_table.js?body=1" for 127.0.0.1 at 2013-04-05 16:36:59 -0500
Served asset /sortable_table.js - 304 Not Modified (0ms)


Started GET "/assets/jquery.tablesorter.js?body=1" for 127.0.0.1 at 2013-04-05 16:36:59 -0500
Served asset /jquery.tablesorter.js - 304 Not Modified (0ms)


Started GET "/assets/application.js?body=1" for 127.0.0.1 at 2013-04-05 16:36:59 -0500
Served asset /application.js - 304 Not Modified (2ms)


Started GET "/users/sign_up" for 127.0.0.1 at 2013-04-05 16:37:00 -0500
Processing by Devise::RegistrationsController#new as HTML
Compiled form_style.css  (0ms)  (pid 5225)
  Rendered devise/shared/_links.erb (7.3ms)
  Rendered devise/registrations/new.html.erb within layouts/application (81.4ms)
Completed 200 OK in 188ms (Views: 141.3ms | ActiveRecord: 0.0ms)


Started GET "/assets/application.css?body=1" for 127.0.0.1 at 2013-04-05 16:37:00 -0500
Served asset /application.css - 304 Not Modified (0ms)


Started GET "/assets/form_style.css?body=1" for 127.0.0.1 at 2013-04-05 16:37:00 -0500
Served asset /form_style.css - 200 OK (1ms)


Started GET "/assets/jquery.js?body=1" for 127.0.0.1 at 2013-04-05 16:37:00 -0500
Served asset /jquery.js - 304 Not Modified (1ms)


Started GET "/assets/jquery_ujs.js?body=1" for 127.0.0.1 at 2013-04-05 16:37:00 -0500
Served asset /jquery_ujs.js - 304 Not Modified (0ms)


Started GET "/assets/gmaps4rails/gmaps4rails.base.js?body=1" for 127.0.0.1 at 2013-04-05 16:37:00 -0500
Served asset /gmaps4rails/gmaps4rails.base.js - 304 Not Modified (0ms)


Started GET "/assets/gmaps4rails/gmaps4rails.bing.js?body=1" for 127.0.0.1 at 2013-04-05 16:37:00 -0500
Served asset /gmaps4rails/gmaps4rails.bing.js - 304 Not Modified (0ms)


Started GET "/assets/gmaps4rails/gmaps4rails.googlemaps.js?body=1" for 127.0.0.1 at 2013-04-05 16:37:00 -0500
Served asset /gmaps4rails/gmaps4rails.googlemaps.js - 304 Not Modified (0ms)


Started GET "/assets/gmaps4rails/gmaps4rails.mapquest.js?body=1" for 127.0.0.1 at 2013-04-05 16:37:01 -0500
Served asset /gmaps4rails/gmaps4rails.mapquest.js - 304 Not Modified (0ms)


Started GET "/assets/sortable_table.js?body=1" for 127.0.0.1 at 2013-04-05 16:37:01 -0500
Served asset /sortable_table.js - 304 Not Modified (0ms)


Started GET "/assets/gmaps4rails/gmaps4rails.openlayers.js?body=1" for 127.0.0.1 at 2013-04-05 16:37:01 -0500
Served asset /gmaps4rails/gmaps4rails.openlayers.js - 304 Not Modified (0ms)


Started GET "/assets/locations.js?body=1" for 127.0.0.1 at 2013-04-05 16:37:01 -0500
Served asset /locations.js - 304 Not Modified (0ms)


Started GET "/assets/search_table.js?body=1" for 127.0.0.1 at 2013-04-05 16:37:01 -0500
Served asset /search_table.js - 304 Not Modified (0ms)


Started GET "/assets/jquery.tablesorter.js?body=1" for 127.0.0.1 at 2013-04-05 16:37:01 -0500
Served asset /jquery.tablesorter.js - 304 Not Modified (0ms)


Started GET "/assets/application.js?body=1" for 127.0.0.1 at 2013-04-05 16:37:01 -0500
Served asset /application.js - 304 Not Modified (3ms)


Started GET "/users/sign_up.json" for 127.0.0.1 at 2013-04-05 16:37:03 -0500
Processing by Devise::RegistrationsController#new as JSON
Completed 406 Not Acceptable in 0ms (ActiveRecord: 0.0ms)


Started GET "/search" for 127.0.0.1 at 2013-04-05 16:38:10 -0500
Processing by SearchController#index as HTML
  [1m[36mUser Load (0.2ms)[0m  [1mSELECT "users".* FROM "users" [0m
  Rendered search/index.html.erb within layouts/application (1.8ms)
Completed 200 OK in 24ms (Views: 11.5ms | ActiveRecord: 0.9ms)


Started GET "/assets/application.css?body=1" for 127.0.0.1 at 2013-04-05 16:38:10 -0500
Served asset /application.css - 304 Not Modified (0ms)


Started GET "/assets/jquery.js?body=1" for 127.0.0.1 at 2013-04-05 16:38:10 -0500
Served asset /jquery.js - 304 Not Modified (1ms)


Started GET "/assets/jquery_ujs.js?body=1" for 127.0.0.1 at 2013-04-05 16:38:10 -0500
Served asset /jquery_ujs.js - 304 Not Modified (0ms)


Started GET "/assets/gmaps4rails/gmaps4rails.base.js?body=1" for 127.0.0.1 at 2013-04-05 16:38:10 -0500
Served asset /gmaps4rails/gmaps4rails.base.js - 304 Not Modified (0ms)


Started GET "/assets/gmaps4rails/gmaps4rails.bing.js?body=1" for 127.0.0.1 at 2013-04-05 16:38:10 -0500
Served asset /gmaps4rails/gmaps4rails.bing.js - 304 Not Modified (0ms)


Started GET "/assets/gmaps4rails/gmaps4rails.googlemaps.js?body=1" for 127.0.0.1 at 2013-04-05 16:38:10 -0500
Served asset /gmaps4rails/gmaps4rails.googlemaps.js - 304 Not Modified (0ms)


Started GET "/assets/search.css?body=1" for 127.0.0.1 at 2013-04-05 16:38:10 -0500
Served asset /search.css - 304 Not Modified (0ms)


Started GET "/assets/gmaps4rails/gmaps4rails.mapquest.js?body=1" for 127.0.0.1 at 2013-04-05 16:38:10 -0500
Served asset /gmaps4rails/gmaps4rails.mapquest.js - 304 Not Modified (0ms)


Started GET "/assets/gmaps4rails/gmaps4rails.openlayers.js?body=1" for 127.0.0.1 at 2013-04-05 16:38:10 -0500
Served asset /gmaps4rails/gmaps4rails.openlayers.js - 304 Not Modified (0ms)


Started GET "/assets/locations.js?body=1" for 127.0.0.1 at 2013-04-05 16:38:10 -0500
Served asset /locations.js - 304 Not Modified (0ms)


Started GET "/assets/search_table.js?body=1" for 127.0.0.1 at 2013-04-05 16:38:10 -0500
Served asset /search_table.js - 304 Not Modified (0ms)


Started GET "/assets/sortable_table.js?body=1" for 127.0.0.1 at 2013-04-05 16:38:10 -0500
Served asset /sortable_table.js - 304 Not Modified (0ms)


Started GET "/assets/jquery.tablesorter.js?body=1" for 127.0.0.1 at 2013-04-05 16:38:10 -0500
Served asset /jquery.tablesorter.js - 304 Not Modified (0ms)


Started GET "/assets/application.js?body=1" for 127.0.0.1 at 2013-04-05 16:38:10 -0500
Served asset /application.js - 304 Not Modified (2ms)


Started GET "/search" for 127.0.0.1 at 2013-04-05 16:38:11 -0500
Processing by SearchController#index as HTML
  [1m[35mUser Load (0.5ms)[0m  SELECT "users".* FROM "users" 
  Rendered search/index.html.erb within layouts/application (1.4ms)
Completed 200 OK in 15ms (Views: 12.2ms | ActiveRecord: 0.5ms)


Started GET "/assets/application.css?body=1" for 127.0.0.1 at 2013-04-05 16:38:11 -0500
Served asset /application.css - 304 Not Modified (0ms)


Started GET "/assets/jquery.js?body=1" for 127.0.0.1 at 2013-04-05 16:38:11 -0500
Served asset /jquery.js - 304 Not Modified (1ms)


Started GET "/assets/jquery_ujs.js?body=1" for 127.0.0.1 at 2013-04-05 16:38:11 -0500
Served asset /jquery_ujs.js - 304 Not Modified (0ms)


Started GET "/assets/gmaps4rails/gmaps4rails.base.js?body=1" for 127.0.0.1 at 2013-04-05 16:38:11 -0500
Served asset /gmaps4rails/gmaps4rails.base.js - 304 Not Modified (0ms)


Started GET "/assets/search.css?body=1" for 127.0.0.1 at 2013-04-05 16:38:11 -0500
Served asset /search.css - 304 Not Modified (0ms)


Started GET "/assets/gmaps4rails/gmaps4rails.bing.js?body=1" for 127.0.0.1 at 2013-04-05 16:38:11 -0500
Served asset /gmaps4rails/gmaps4rails.bing.js - 304 Not Modified (0ms)


Started GET "/assets/gmaps4rails/gmaps4rails.googlemaps.js?body=1" for 127.0.0.1 at 2013-04-05 16:38:11 -0500
Served asset /gmaps4rails/gmaps4rails.googlemaps.js - 304 Not Modified (0ms)


Started GET "/assets/gmaps4rails/gmaps4rails.mapquest.js?body=1" for 127.0.0.1 at 2013-04-05 16:38:11 -0500
Served asset /gmaps4rails/gmaps4rails.mapquest.js - 304 Not Modified (0ms)


Started GET "/assets/gmaps4rails/gmaps4rails.openlayers.js?body=1" for 127.0.0.1 at 2013-04-05 16:38:11 -0500
Served asset /gmaps4rails/gmaps4rails.openlayers.js - 304 Not Modified (0ms)


Started GET "/assets/locations.js?body=1" for 127.0.0.1 at 2013-04-05 16:38:11 -0500
Served asset /locations.js - 304 Not Modified (0ms)


Started GET "/assets/search_table.js?body=1" for 127.0.0.1 at 2013-04-05 16:38:11 -0500
Served asset /search_table.js - 304 Not Modified (0ms)


Started GET "/assets/sortable_table.js?body=1" for 127.0.0.1 at 2013-04-05 16:38:11 -0500
Served asset /sortable_table.js - 304 Not Modified (0ms)


Started GET "/assets/jquery.tablesorter.js?body=1" for 127.0.0.1 at 2013-04-05 16:38:11 -0500
Served asset /jquery.tablesorter.js - 304 Not Modified (0ms)


Started GET "/assets/application.js?body=1" for 127.0.0.1 at 2013-04-05 16:38:11 -0500
Served asset /application.js - 304 Not Modified (2ms)


Started GET "/search" for 127.0.0.1 at 2013-04-05 16:38:12 -0500
Processing by SearchController#index as HTML
  [1m[36mUser Load (0.2ms)[0m  [1mSELECT "users".* FROM "users" [0m
  Rendered search/index.html.erb within layouts/application (2.3ms)
Completed 200 OK in 18ms (Views: 16.3ms | ActiveRecord: 0.2ms)


Started GET "/assets/application.css?body=1" for 127.0.0.1 at 2013-04-05 16:38:12 -0500
Served asset /application.css - 304 Not Modified (0ms)


Started GET "/assets/jquery.js?body=1" for 127.0.0.1 at 2013-04-05 16:38:12 -0500
Served asset /jquery.js - 304 Not Modified (0ms)


Started GET "/assets/jquery_ujs.js?body=1" for 127.0.0.1 at 2013-04-05 16:38:12 -0500
Served asset /jquery_ujs.js - 304 Not Modified (0ms)


Started GET "/assets/gmaps4rails/gmaps4rails.base.js?body=1" for 127.0.0.1 at 2013-04-05 16:38:12 -0500
Served asset /gmaps4rails/gmaps4rails.base.js - 304 Not Modified (0ms)


Started GET "/assets/gmaps4rails/gmaps4rails.bing.js?body=1" for 127.0.0.1 at 2013-04-05 16:38:12 -0500
Served asset /gmaps4rails/gmaps4rails.bing.js - 304 Not Modified (0ms)


Started GET "/assets/gmaps4rails/gmaps4rails.googlemaps.js?body=1" for 127.0.0.1 at 2013-04-05 16:38:12 -0500
Served asset /gmaps4rails/gmaps4rails.googlemaps.js - 304 Not Modified (0ms)


Started GET "/assets/search.css?body=1" for 127.0.0.1 at 2013-04-05 16:38:12 -0500
Served asset /search.css - 304 Not Modified (0ms)


Started GET "/assets/gmaps4rails/gmaps4rails.mapquest.js?body=1" for 127.0.0.1 at 2013-04-05 16:38:12 -0500
Served asset /gmaps4rails/gmaps4rails.mapquest.js - 304 Not Modified (0ms)


Started GET "/assets/gmaps4rails/gmaps4rails.openlayers.js?body=1" for 127.0.0.1 at 2013-04-05 16:38:12 -0500
Served asset /gmaps4rails/gmaps4rails.openlayers.js - 304 Not Modified (0ms)


Started GET "/assets/locations.js?body=1" for 127.0.0.1 at 2013-04-05 16:38:12 -0500
Served asset /locations.js - 304 Not Modified (0ms)


Started GET "/assets/search_table.js?body=1" for 127.0.0.1 at 2013-04-05 16:38:12 -0500
Served asset /search_table.js - 304 Not Modified (0ms)


Started GET "/assets/sortable_table.js?body=1" for 127.0.0.1 at 2013-04-05 16:38:12 -0500
Served asset /sortable_table.js - 304 Not Modified (0ms)


Started GET "/assets/jquery.tablesorter.js?body=1" for 127.0.0.1 at 2013-04-05 16:38:12 -0500
Served asset /jquery.tablesorter.js - 304 Not Modified (0ms)


Started GET "/assets/application.js?body=1" for 127.0.0.1 at 2013-04-05 16:38:12 -0500
Served asset /application.js - 304 Not Modified (3ms)


Started GET "/search.json" for 127.0.0.1 at 2013-04-05 16:38:15 -0500
Processing by SearchController#index as JSON
  [1m[35mUser Load (0.2ms)[0m  SELECT "users".* FROM "users" 
Completed 200 OK in 1ms (Views: 0.1ms | ActiveRecord: 0.2ms)
  [1m[36m (0.3ms)[0m  [1mSELECT "schema_migrations"."version" FROM "schema_migrations" [0m
  [1m[35m (0.2ms)[0m  begin transaction
  [1m[36mUser Exists (0.4ms)[0m  [1mSELECT 1 FROM "users" WHERE "users"."email" = 'sherminn@tuter.me' LIMIT 1[0m
Binary data inserted for `string` type on column `encrypted_password`
  [1m[35mSQL (11.3ms)[0m  INSERT INTO "users" ("created_at", "current_sign_in_at", "current_sign_in_ip", "desc", "email", "encrypted_password", "first_name", "last_name", "last_sign_in_at", "last_sign_in_ip", "oauth_expires_at", "oauth_token", "provider", "remember_created_at", "reset_password_sent_at", "reset_password_token", "sign_in_count", "uid", "updated_at") VALUES (?, ?, ?, ?, ?, ?, ?, ?, ?, ?, ?, ?, ?, ?, ?, ?, ?, ?, ?)  [["created_at", Fri, 05 Apr 2013 21:38:48 UTC +00:00], ["current_sign_in_at", nil], ["current_sign_in_ip", nil], ["desc", nil], ["email", "sherminn@tuter.me"], ["encrypted_password", "$2a$10$dLj2cdE/US5H/XoN11hh/O3BWwL3GtplC8FnNxtXE.jmBf.YgApdG"], ["first_name", "Sher Minn"], ["last_name", "Chong"], ["last_sign_in_at", nil], ["last_sign_in_ip", nil], ["oauth_expires_at", nil], ["oauth_token", nil], ["provider", nil], ["remember_created_at", nil], ["reset_password_sent_at", nil], ["reset_password_token", nil], ["sign_in_count", 0], ["uid", nil], ["updated_at", Fri, 05 Apr 2013 21:38:48 UTC +00:00]]
  [1m[36m (13.8ms)[0m  [1mcommit transaction[0m
  [1m[35m (0.1ms)[0m  begin transaction
  [1m[36mUser Exists (0.1ms)[0m  [1mSELECT 1 FROM "users" WHERE "users"."email" = 'tjjo@hd.wisc.edu' LIMIT 1[0m
Binary data inserted for `string` type on column `encrypted_password`
  [1m[35mSQL (0.5ms)[0m  INSERT INTO "users" ("created_at", "current_sign_in_at", "current_sign_in_ip", "desc", "email", "encrypted_password", "first_name", "last_name", "last_sign_in_at", "last_sign_in_ip", "oauth_expires_at", "oauth_token", "provider", "remember_created_at", "reset_password_sent_at", "reset_password_token", "sign_in_count", "uid", "updated_at") VALUES (?, ?, ?, ?, ?, ?, ?, ?, ?, ?, ?, ?, ?, ?, ?, ?, ?, ?, ?)  [["created_at", Fri, 05 Apr 2013 21:38:49 UTC +00:00], ["current_sign_in_at", nil], ["current_sign_in_ip", nil], ["desc", nil], ["email", "tjjo@hd.wisc.edu"], ["encrypted_password", "$2a$10$YBHN4ywDKu9bLXeImG2cyeR5rgGbDIKxnNS9F2d5nXqLXfmaZHV76"], ["first_name", "Trever"], ["last_name", "Johnson"], ["last_sign_in_at", nil], ["last_sign_in_ip", nil], ["oauth_expires_at", nil], ["oauth_token", nil], ["provider", nil], ["remember_created_at", nil], ["reset_password_sent_at", nil], ["reset_password_token", nil], ["sign_in_count", 0], ["uid", nil], ["updated_at", Fri, 05 Apr 2013 21:38:49 UTC +00:00]]
  [1m[36m (21.0ms)[0m  [1mcommit transaction[0m
  [1m[35m (0.1ms)[0m  begin transaction
  [1m[36mUser Exists (0.1ms)[0m  [1mSELECT 1 FROM "users" WHERE "users"."email" = 'serbus@tuter.me' LIMIT 1[0m
Binary data inserted for `string` type on column `encrypted_password`
  [1m[35mSQL (0.4ms)[0m  INSERT INTO "users" ("created_at", "current_sign_in_at", "current_sign_in_ip", "desc", "email", "encrypted_password", "first_name", "last_name", "last_sign_in_at", "last_sign_in_ip", "oauth_expires_at", "oauth_token", "provider", "remember_created_at", "reset_password_sent_at", "reset_password_token", "sign_in_count", "uid", "updated_at") VALUES (?, ?, ?, ?, ?, ?, ?, ?, ?, ?, ?, ?, ?, ?, ?, ?, ?, ?, ?)  [["created_at", Fri, 05 Apr 2013 21:38:49 UTC +00:00], ["current_sign_in_at", nil], ["current_sign_in_ip", nil], ["desc", nil], ["email", "serbus@tuter.me"], ["encrypted_password", "$2a$10$XzZLg5RQxR6RxAU.b58PmewZr.WQGGGKgVIWJRUIcGOOZCqiD1gHO"], ["first_name", "Josh"], ["last_name", "Serbus"], ["last_sign_in_at", nil], ["last_sign_in_ip", nil], ["oauth_expires_at", nil], ["oauth_token", nil], ["provider", nil], ["remember_created_at", nil], ["reset_password_sent_at", nil], ["reset_password_token", nil], ["sign_in_count", 0], ["uid", nil], ["updated_at", Fri, 05 Apr 2013 21:38:49 UTC +00:00]]
  [1m[36m (34.2ms)[0m  [1mcommit transaction[0m
  [1m[35m (0.1ms)[0m  begin transaction
  [1m[36mUser Exists (0.1ms)[0m  [1mSELECT 1 FROM "users" WHERE "users"."email" = 'faiz@tuter.me' LIMIT 1[0m
Binary data inserted for `string` type on column `encrypted_password`
  [1m[35mSQL (0.4ms)[0m  INSERT INTO "users" ("created_at", "current_sign_in_at", "current_sign_in_ip", "desc", "email", "encrypted_password", "first_name", "last_name", "last_sign_in_at", "last_sign_in_ip", "oauth_expires_at", "oauth_token", "provider", "remember_created_at", "reset_password_sent_at", "reset_password_token", "sign_in_count", "uid", "updated_at") VALUES (?, ?, ?, ?, ?, ?, ?, ?, ?, ?, ?, ?, ?, ?, ?, ?, ?, ?, ?)  [["created_at", Fri, 05 Apr 2013 21:38:49 UTC +00:00], ["current_sign_in_at", nil], ["current_sign_in_ip", nil], ["desc", nil], ["email", "faiz@tuter.me"], ["encrypted_password", "$2a$10$yKue3WWqJWXu3qZ1Ox54CeEhEuI9V91nNGwYb74QgttGPXhftKETq"], ["first_name", "Faiz"], ["last_name", "Lurman"], ["last_sign_in_at", nil], ["last_sign_in_ip", nil], ["oauth_expires_at", nil], ["oauth_token", nil], ["provider", nil], ["remember_created_at", nil], ["reset_password_sent_at", nil], ["reset_password_token", nil], ["sign_in_count", 0], ["uid", nil], ["updated_at", Fri, 05 Apr 2013 21:38:49 UTC +00:00]]
  [1m[36m (17.9ms)[0m  [1mcommit transaction[0m
  [1m[35m (0.1ms)[0m  begin transaction
  [1m[36mUser Exists (0.1ms)[0m  [1mSELECT 1 FROM "users" WHERE "users"."email" = 'adthorson@tuter.me' LIMIT 1[0m
Binary data inserted for `string` type on column `encrypted_password`
  [1m[35mSQL (0.4ms)[0m  INSERT INTO "users" ("created_at", "current_sign_in_at", "current_sign_in_ip", "desc", "email", "encrypted_password", "first_name", "last_name", "last_sign_in_at", "last_sign_in_ip", "oauth_expires_at", "oauth_token", "provider", "remember_created_at", "reset_password_sent_at", "reset_password_token", "sign_in_count", "uid", "updated_at") VALUES (?, ?, ?, ?, ?, ?, ?, ?, ?, ?, ?, ?, ?, ?, ?, ?, ?, ?, ?)  [["created_at", Fri, 05 Apr 2013 21:38:49 UTC +00:00], ["current_sign_in_at", nil], ["current_sign_in_ip", nil], ["desc", nil], ["email", "adthorson@tuter.me"], ["encrypted_password", "$2a$10$hGpMgM8ANm3MxZQ8.SAxKem8KQk8BlM6mGSc7t94iod5MYoA4at1y"], ["first_name", "Adam"], ["last_name", "Thorson"], ["last_sign_in_at", nil], ["last_sign_in_ip", nil], ["oauth_expires_at", nil], ["oauth_token", nil], ["provider", nil], ["remember_created_at", nil], ["reset_password_sent_at", nil], ["reset_password_token", nil], ["sign_in_count", 0], ["uid", nil], ["updated_at", Fri, 05 Apr 2013 21:38:49 UTC +00:00]]
  [1m[36m (39.6ms)[0m  [1mcommit transaction[0m


Started GET "/search" for 127.0.0.1 at 2013-04-05 16:38:52 -0500
Processing by SearchController#index as HTML
  [1m[36mUser Load (0.3ms)[0m  [1mSELECT "users".* FROM "users" [0m
  Rendered search/index.html.erb within layouts/application (1.5ms)
Completed 200 OK in 30ms (Views: 10.4ms | ActiveRecord: 0.3ms)


Started GET "/assets/application.css?body=1" for 127.0.0.1 at 2013-04-05 16:38:52 -0500
Served asset /application.css - 304 Not Modified (0ms)


Started GET "/assets/jquery.js?body=1" for 127.0.0.1 at 2013-04-05 16:38:52 -0500
Served asset /jquery.js - 304 Not Modified (0ms)


Started GET "/assets/jquery_ujs.js?body=1" for 127.0.0.1 at 2013-04-05 16:38:52 -0500
Served asset /jquery_ujs.js - 304 Not Modified (0ms)


Started GET "/assets/gmaps4rails/gmaps4rails.base.js?body=1" for 127.0.0.1 at 2013-04-05 16:38:52 -0500
Served asset /gmaps4rails/gmaps4rails.base.js - 304 Not Modified (0ms)


Started GET "/assets/gmaps4rails/gmaps4rails.bing.js?body=1" for 127.0.0.1 at 2013-04-05 16:38:52 -0500
Served asset /gmaps4rails/gmaps4rails.bing.js - 304 Not Modified (0ms)


Started GET "/assets/search.css?body=1" for 127.0.0.1 at 2013-04-05 16:38:52 -0500
Served asset /search.css - 304 Not Modified (0ms)


Started GET "/assets/gmaps4rails/gmaps4rails.googlemaps.js?body=1" for 127.0.0.1 at 2013-04-05 16:38:52 -0500
Served asset /gmaps4rails/gmaps4rails.googlemaps.js - 304 Not Modified (0ms)


Started GET "/assets/gmaps4rails/gmaps4rails.mapquest.js?body=1" for 127.0.0.1 at 2013-04-05 16:38:52 -0500
Served asset /gmaps4rails/gmaps4rails.mapquest.js - 304 Not Modified (0ms)


Started GET "/assets/gmaps4rails/gmaps4rails.openlayers.js?body=1" for 127.0.0.1 at 2013-04-05 16:38:52 -0500
Served asset /gmaps4rails/gmaps4rails.openlayers.js - 304 Not Modified (0ms)


Started GET "/assets/locations.js?body=1" for 127.0.0.1 at 2013-04-05 16:38:52 -0500
Served asset /locations.js - 304 Not Modified (0ms)


Started GET "/assets/search_table.js?body=1" for 127.0.0.1 at 2013-04-05 16:38:52 -0500
Served asset /search_table.js - 304 Not Modified (0ms)


Started GET "/assets/sortable_table.js?body=1" for 127.0.0.1 at 2013-04-05 16:38:52 -0500
Served asset /sortable_table.js - 304 Not Modified (0ms)


Started GET "/assets/jquery.tablesorter.js?body=1" for 127.0.0.1 at 2013-04-05 16:38:52 -0500
Served asset /jquery.tablesorter.js - 304 Not Modified (0ms)


Started GET "/assets/application.js?body=1" for 127.0.0.1 at 2013-04-05 16:38:52 -0500
Served asset /application.js - 304 Not Modified (2ms)


Started GET "/search.json" for 127.0.0.1 at 2013-04-05 16:38:56 -0500
Processing by SearchController#index as JSON
  [1m[35mUser Load (0.3ms)[0m  SELECT "users".* FROM "users" 
Completed 200 OK in 10ms (Views: 7.5ms | ActiveRecord: 0.3ms)


Started GET "/search.json" for 127.0.0.1 at 2013-04-05 17:40:39 -0500
Processing by SearchController#index as JSON
  [1m[36mUser Load (0.4ms)[0m  [1mSELECT "users".* FROM "users" [0m
Completed 200 OK in 69ms (Views: 2.2ms | ActiveRecord: 3.1ms)


Started GET "/" for 127.0.0.1 at 2013-04-05 18:07:15 -0500
Processing by HomeController#index as HTML
  [1m[36mLocation Load (0.2ms)[0m  [1mSELECT "locations".* FROM "locations" [0m
  [1m[35mCACHE (0.0ms)[0m  SELECT "locations".* FROM "locations" 
  Rendered /home/piratefsh/.gem/ruby/1.9.1/gems/gmaps4rails-1.5.6/app/views/gmaps4rails/_gmaps4rails.html.erb (4.5ms)
  Rendered home/index.html.erb within layouts/application (154.3ms)
Completed 200 OK in 465ms (Views: 311.8ms | ActiveRecord: 7.7ms)


Started GET "/assets/application.css?body=1" for 127.0.0.1 at 2013-04-05 18:07:16 -0500
Served asset /application.css - 304 Not Modified (3ms)


Started GET "/assets/jquery.js?body=1" for 127.0.0.1 at 2013-04-05 18:07:16 -0500
Served asset /jquery.js - 304 Not Modified (4ms)


Started GET "/assets/jquery_ujs.js?body=1" for 127.0.0.1 at 2013-04-05 18:07:16 -0500
Served asset /jquery_ujs.js - 304 Not Modified (2ms)


Started GET "/assets/gmaps4rails/gmaps4rails.base.js?body=1" for 127.0.0.1 at 2013-04-05 18:07:16 -0500
Served asset /gmaps4rails/gmaps4rails.base.js - 304 Not Modified (1ms)


Started GET "/assets/gmaps4rails/gmaps4rails.bing.js?body=1" for 127.0.0.1 at 2013-04-05 18:07:16 -0500
Served asset /gmaps4rails/gmaps4rails.bing.js - 304 Not Modified (2ms)


Started GET "/assets/gmaps4rails/gmaps4rails.mapquest.js?body=1" for 127.0.0.1 at 2013-04-05 18:07:16 -0500
Served asset /gmaps4rails/gmaps4rails.mapquest.js - 304 Not Modified (2ms)


Started GET "/assets/home.css?body=1" for 127.0.0.1 at 2013-04-05 18:07:16 -0500
Served asset /home.css - 304 Not Modified (2ms)


Started GET "/assets/gmaps4rails.css?body=1" for 127.0.0.1 at 2013-04-05 18:07:16 -0500
Served asset /gmaps4rails.css - 304 Not Modified (2ms)


Started GET "/assets/gmaps4rails/gmaps4rails.googlemaps.js?body=1" for 127.0.0.1 at 2013-04-05 18:07:16 -0500
Served asset /gmaps4rails/gmaps4rails.googlemaps.js - 304 Not Modified (2ms)


Started GET "/assets/locations.js?body=1" for 127.0.0.1 at 2013-04-05 18:07:16 -0500
Served asset /locations.js - 304 Not Modified (1ms)


Started GET "/assets/gmaps4rails/gmaps4rails.openlayers.js?body=1" for 127.0.0.1 at 2013-04-05 18:07:16 -0500
Served asset /gmaps4rails/gmaps4rails.openlayers.js - 304 Not Modified (1ms)


Started GET "/assets/search_table.js?body=1" for 127.0.0.1 at 2013-04-05 18:07:16 -0500
Served asset /search_table.js - 304 Not Modified (1ms)


Started GET "/assets/jquery.tablesorter.js?body=1" for 127.0.0.1 at 2013-04-05 18:07:16 -0500
Served asset /jquery.tablesorter.js - 304 Not Modified (2ms)


Started GET "/assets/application.js?body=1" for 127.0.0.1 at 2013-04-05 18:07:16 -0500
Served asset /application.js - 304 Not Modified (57ms)


Started GET "/assets/sortable_table.js?body=1" for 127.0.0.1 at 2013-04-05 18:07:16 -0500
Served asset /sortable_table.js - 304 Not Modified (1ms)
  [1m[36m (0.0ms)[0m  [1mSELECT "schema_migrations"."version" FROM "schema_migrations" [0m
Migrating to DeviseCreateUsers (20130315201118)
Migrating to AddNamesToUsers (20130315205039)
Migrating to Users (20130316054708)
Migrating to AddFieldsToUser (20130316155717)
Migrating to CreateStudentRoles (20130317003657)
Migrating to AddFieldsToStudentRole (20130317003926)
Migrating to CreateTutorRoles (20130317004649)
Migrating to AddFieldsToTutorRole (20130317005312)
Migrating to CreateOrganizationRoles (20130317012252)
Migrating to AddFieldsToOrganizationRole (20130317012827)
Migrating to CreateLocations (20130403225627)
Migrating to AddPhotoToUser (20130406163118)
  [1m[35m (0.0ms)[0m  select sqlite_version(*)
  [1m[36m (0.0ms)[0m  [1mbegin transaction[0m
  [1m[35m (1.0ms)[0m  ALTER TABLE "users" ADD "photo" varchar(255)
  [1m[36m (1.0ms)[0m  [1mINSERT INTO "schema_migrations" ("version") VALUES ('20130406163118')[0m
  [1m[35m (187.8ms)[0m  commit transaction
  [1m[36m (1.0ms)[0m  [1mselect sqlite_version(*)[0m
  [1m[35m (0.0ms)[0m  SELECT "schema_migrations"."version" FROM "schema_migrations" 
  [1m[36m (0.0ms)[0m  [1mPRAGMA index_list("locations")[0m
  [1m[35m (0.0ms)[0m  PRAGMA index_list("organization_roles")
  [1m[36m (0.0ms)[0m  [1mPRAGMA index_list("student_roles")[0m
  [1m[35m (0.0ms)[0m  PRAGMA index_list("tutor_roles")
  [1m[36m (0.0ms)[0m  [1mPRAGMA index_list("users")[0m
  [1m[35m (0.0ms)[0m  PRAGMA index_info('index_users_on_reset_password_token')
  [1m[36m (0.0ms)[0m  [1mPRAGMA index_info('index_users_on_email')[0m


Started GET "/" for 127.0.0.1 at 2013-04-06 11:35:10 -0500
Processing by HomeController#index as HTML
  [1m[36mLocation Load (0.0ms)[0m  [1mSELECT "locations".* FROM "locations" [0m
  [1m[35mCACHE (0.0ms)[0m  SELECT "locations".* FROM "locations" 
Compiled gmaps4rails.css  (0ms)  (pid 6056)
  Rendered c:/RailsInstaller/Ruby1.9.3/lib/ruby/gems/1.9.1/gems/gmaps4rails-1.5.6/app/views/gmaps4rails/_gmaps4rails.html.erb (2.0ms)
  Rendered home/index.html.erb within layouts/application (220.1ms)
Completed 500 Internal Server Error in 5625ms

ActionView::Template::Error (
  (in c:/Users/JoshS_000/Dropbox/Ruby/rails_projects/tuter/app/assets/javascripts/gmaps4rails/gmaps4rails.base.js.coffee)):
    3: <head>
    4:   <title>Tuter</title>
    5:   <%= stylesheet_link_tag    "application.css", :media => "all" %>
    6:   <%= javascript_include_tag "application.js" %>
    7:   <%= csrf_meta_tags %>
    8:   <%= content_for :header%>
    9:   <link href='http://fonts.googleapis.com/css?family=Open+Sans' rel='stylesheet' type='text/css'>
  app/views/layouts/application.html.erb:6:in `_app_views_layouts_application_html_erb___372545148_45474612'
  app/controllers/home_controller.rb:6:in `index'


  Rendered c:/RailsInstaller/Ruby1.9.3/lib/ruby/gems/1.9.1/gems/actionpack-3.2.3/lib/action_dispatch/middleware/templates/rescues/_trace.erb (7.0ms)
  Rendered c:/RailsInstaller/Ruby1.9.3/lib/ruby/gems/1.9.1/gems/actionpack-3.2.3/lib/action_dispatch/middleware/templates/rescues/_request_and_response.erb (1.0ms)
  Rendered c:/RailsInstaller/Ruby1.9.3/lib/ruby/gems/1.9.1/gems/actionpack-3.2.3/lib/action_dispatch/middleware/templates/rescues/template_error.erb within rescues/layout (47.0ms)


Started GET "/" for 127.0.0.1 at 2013-04-06 11:37:24 -0500
Processing by HomeController#index as HTML
  Rendered c:/RailsInstaller/Ruby1.9.3/lib/ruby/gems/1.9.1/gems/gmaps4rails-1.5.6/app/views/gmaps4rails/_gmaps4rails.html.erb (2.0ms)
  Rendered home/index.html.erb within layouts/application (178.0ms)
Completed 500 Internal Server Error in 4880ms

ActionView::Template::Error (
  (in c:/Users/JoshS_000/Dropbox/Ruby/rails_projects/tuter/app/assets/javascripts/gmaps4rails/gmaps4rails.base.js.coffee)):
    3: <head>
    4:   <title>Tuter</title>
    5:   <%= stylesheet_link_tag    "application.css", :media => "all" %>
    6:   <%= javascript_include_tag "application.js" %>
    7:   <%= csrf_meta_tags %>
    8:   <%= content_for :header%>
    9:   <link href='http://fonts.googleapis.com/css?family=Open+Sans' rel='stylesheet' type='text/css'>
  app/views/layouts/application.html.erb:6:in `_app_views_layouts_application_html_erb___567702561_52392144'
  app/controllers/home_controller.rb:6:in `index'


  Rendered c:/RailsInstaller/Ruby1.9.3/lib/ruby/gems/1.9.1/gems/actionpack-3.2.3/lib/action_dispatch/middleware/templates/rescues/_trace.erb (7.0ms)
  Rendered c:/RailsInstaller/Ruby1.9.3/lib/ruby/gems/1.9.1/gems/actionpack-3.2.3/lib/action_dispatch/middleware/templates/rescues/_request_and_response.erb (1.0ms)
  Rendered c:/RailsInstaller/Ruby1.9.3/lib/ruby/gems/1.9.1/gems/actionpack-3.2.3/lib/action_dispatch/middleware/templates/rescues/template_error.erb within rescues/layout (47.0ms)


Started GET "/" for 127.0.0.1 at 2013-04-06 11:38:31 -0500
Processing by HomeController#index as HTML
  [1m[36mLocation Load (1.0ms)[0m  [1mSELECT "locations".* FROM "locations" [0m
  [1m[35mCACHE (0.0ms)[0m  SELECT "locations".* FROM "locations" 
  Rendered c:/RailsInstaller/Ruby1.9.3/lib/ruby/gems/1.9.1/gems/gmaps4rails-1.5.6/app/views/gmaps4rails/_gmaps4rails.html.erb (1.0ms)
  Rendered home/index.html.erb within layouts/application (7.0ms)
Completed 500 Internal Server Error in 4652ms

ActionView::Template::Error (
  (in c:/Users/JoshS_000/Dropbox/Ruby/rails_projects/tuter/app/assets/javascripts/gmaps4rails/gmaps4rails.base.js.coffee)):
    3: <head>
    4:   <title>Tuter</title>
    5:   <%= stylesheet_link_tag    "application.css", :media => "all" %>
    6:   <%= javascript_include_tag "application.js" %>
    7:   <%= csrf_meta_tags %>
    8:   <%= content_for :header%>
    9:   <link href='http://fonts.googleapis.com/css?family=Open+Sans' rel='stylesheet' type='text/css'>
  app/views/layouts/application.html.erb:6:in `_app_views_layouts_application_html_erb___567702561_52392144'
  app/controllers/home_controller.rb:6:in `index'


  Rendered c:/RailsInstaller/Ruby1.9.3/lib/ruby/gems/1.9.1/gems/actionpack-3.2.3/lib/action_dispatch/middleware/templates/rescues/_trace.erb (7.0ms)
  Rendered c:/RailsInstaller/Ruby1.9.3/lib/ruby/gems/1.9.1/gems/actionpack-3.2.3/lib/action_dispatch/middleware/templates/rescues/_request_and_response.erb (2.0ms)
  Rendered c:/RailsInstaller/Ruby1.9.3/lib/ruby/gems/1.9.1/gems/actionpack-3.2.3/lib/action_dispatch/middleware/templates/rescues/template_error.erb within rescues/layout (46.0ms)


Started GET "/" for 127.0.0.1 at 2013-04-06 11:39:12 -0500
Processing by HomeController#index as HTML
  [1m[36mLocation Load (0.0ms)[0m  [1mSELECT "locations".* FROM "locations" [0m
  Rendered c:/RailsInstaller/Ruby1.9.3/lib/ruby/gems/1.9.1/gems/gmaps4rails-1.5.6/app/views/gmaps4rails/_gmaps4rails.html.erb (1.0ms)
  Rendered home/index.html.erb within layouts/application (8.0ms)
Completed 500 Internal Server Error in 4329ms

ActionView::Template::Error (
  (in c:/Users/JoshS_000/Dropbox/Ruby/rails_projects/tuter/app/assets/javascripts/gmaps4rails/gmaps4rails.base.js.coffee)):
    3: <head>
    4:   <title>Tuter</title>
    5:   <%= stylesheet_link_tag    "application.css", :media => "all" %>
    6:   <%= javascript_include_tag "application.js" %>
    7:   <%= csrf_meta_tags %>
    8:   <%= content_for :header%>
    9:   <link href='http://fonts.googleapis.com/css?family=Open+Sans' rel='stylesheet' type='text/css'>
  app/views/layouts/application.html.erb:6:in `_app_views_layouts_application_html_erb___567702561_52392144'
  app/controllers/home_controller.rb:6:in `index'


  Rendered c:/RailsInstaller/Ruby1.9.3/lib/ruby/gems/1.9.1/gems/actionpack-3.2.3/lib/action_dispatch/middleware/templates/rescues/_trace.erb (7.0ms)
  Rendered c:/RailsInstaller/Ruby1.9.3/lib/ruby/gems/1.9.1/gems/actionpack-3.2.3/lib/action_dispatch/middleware/templates/rescues/_request_and_response.erb (1.0ms)
  Rendered c:/RailsInstaller/Ruby1.9.3/lib/ruby/gems/1.9.1/gems/actionpack-3.2.3/lib/action_dispatch/middleware/templates/rescues/template_error.erb within rescues/layout (46.0ms)


Started GET "/" for 127.0.0.1 at 2013-04-06 11:39:37 -0500
Processing by HomeController#index as HTML
  [1m[35mLocation Load (1.0ms)[0m  SELECT "locations".* FROM "locations" 
  Rendered c:/RailsInstaller/Ruby1.9.3/lib/ruby/gems/1.9.1/gems/gmaps4rails-1.5.6/app/views/gmaps4rails/_gmaps4rails.html.erb (2.0ms)
  Rendered home/index.html.erb within layouts/application (7.0ms)
Completed 500 Internal Server Error in 4483ms

ActionView::Template::Error (
  (in c:/Users/JoshS_000/Dropbox/Ruby/rails_projects/tuter/app/assets/javascripts/gmaps4rails/gmaps4rails.base.js.coffee)):
    3: <head>
    4:   <title>Tuter</title>
    5:   <%= stylesheet_link_tag    "application.css", :media => "all" %>
    6:   <%= javascript_include_tag "application.js" %>
    7:   <%= csrf_meta_tags %>
    8:   <%= content_for :header%>
    9:   <link href='http://fonts.googleapis.com/css?family=Open+Sans' rel='stylesheet' type='text/css'>
  app/views/layouts/application.html.erb:6:in `_app_views_layouts_application_html_erb___567702561_52392144'
  app/controllers/home_controller.rb:6:in `index'


  Rendered c:/RailsInstaller/Ruby1.9.3/lib/ruby/gems/1.9.1/gems/actionpack-3.2.3/lib/action_dispatch/middleware/templates/rescues/_trace.erb (7.0ms)
  Rendered c:/RailsInstaller/Ruby1.9.3/lib/ruby/gems/1.9.1/gems/actionpack-3.2.3/lib/action_dispatch/middleware/templates/rescues/_request_and_response.erb (2.0ms)
  Rendered c:/RailsInstaller/Ruby1.9.3/lib/ruby/gems/1.9.1/gems/actionpack-3.2.3/lib/action_dispatch/middleware/templates/rescues/template_error.erb within rescues/layout (47.0ms)


Started GET "/" for 127.0.0.1 at 2013-04-06 11:41:09 -0500
Processing by HomeController#index as HTML
  [1m[36mLocation Load (0.0ms)[0m  [1mSELECT "locations".* FROM "locations" [0m
  [1m[35mCACHE (0.0ms)[0m  SELECT "locations".* FROM "locations" 
  Rendered c:/RailsInstaller/Ruby1.9.3/lib/ruby/gems/1.9.1/gems/gmaps4rails-1.5.6/app/views/gmaps4rails/_gmaps4rails.html.erb (3.0ms)
  Rendered home/index.html.erb within layouts/application (156.0ms)
Completed 500 Internal Server Error in 5129ms

ActionView::Template::Error (
  (in c:/Users/JoshS_000/Dropbox/Ruby/rails_projects/tuter/app/assets/javascripts/gmaps4rails/gmaps4rails.base.js.coffee)):
    3: <head>
    4:   <title>Tuter</title>
    5:   <%= stylesheet_link_tag    "application.css", :media => "all" %>
    6:   <%= javascript_include_tag "application.js" %>
    7:   <%= csrf_meta_tags %>
    8:   <%= content_for :header%>
    9:   <!-- <link href='http://fonts.googleapis.com/css?family=Open+Sans' rel='stylesheet' type='text/css'> -->
  app/views/layouts/application.html.erb:6:in `_app_views_layouts_application_html_erb__983245959_42851928'
  app/controllers/home_controller.rb:6:in `index'


  Rendered c:/RailsInstaller/Ruby1.9.3/lib/ruby/gems/1.9.1/gems/actionpack-3.2.3/lib/action_dispatch/middleware/templates/rescues/_trace.erb (7.0ms)
  Rendered c:/RailsInstaller/Ruby1.9.3/lib/ruby/gems/1.9.1/gems/actionpack-3.2.3/lib/action_dispatch/middleware/templates/rescues/_request_and_response.erb (1.0ms)
  Rendered c:/RailsInstaller/Ruby1.9.3/lib/ruby/gems/1.9.1/gems/actionpack-3.2.3/lib/action_dispatch/middleware/templates/rescues/template_error.erb within rescues/layout (47.0ms)


Started GET "/" for 127.0.0.1 at 2013-04-06 12:02:56 -0500
Processing by HomeController#index as HTML
  [1m[36mLocation Load (0.0ms)[0m  [1mSELECT "locations".* FROM "locations" [0m
  [1m[35mCACHE (0.0ms)[0m  SELECT "locations".* FROM "locations" 
  Rendered c:/RailsInstaller/Ruby1.9.3/lib/ruby/gems/1.9.1/gems/gmaps4rails-1.5.6/app/views/gmaps4rails/_gmaps4rails.html.erb (1.0ms)
  Rendered home/index.html.erb within layouts/application (9.0ms)
Completed 500 Internal Server Error in 4388ms

ActionView::Template::Error (
  (in c:/Users/JoshS_000/Dropbox/Ruby/rails_projects/tuter/app/assets/javascripts/gmaps4rails/gmaps4rails.base.js.coffee)):
    3: <head>
    4:   <title>Tuter</title>
    5:   <%= stylesheet_link_tag    "application.css", :media => "all" %>
    6:   <%= javascript_include_tag "application.js" %>
    7:   <%= csrf_meta_tags %>
    8:   <%= content_for :header%>
    9:   <!-- <link href='http://fonts.googleapis.com/css?family=Open+Sans' rel='stylesheet' type='text/css'> -->
  app/views/layouts/application.html.erb:6:in `_app_views_layouts_application_html_erb__983245959_42851928'
  app/controllers/home_controller.rb:6:in `index'


  Rendered c:/RailsInstaller/Ruby1.9.3/lib/ruby/gems/1.9.1/gems/actionpack-3.2.3/lib/action_dispatch/middleware/templates/rescues/_trace.erb (7.0ms)
  Rendered c:/RailsInstaller/Ruby1.9.3/lib/ruby/gems/1.9.1/gems/actionpack-3.2.3/lib/action_dispatch/middleware/templates/rescues/_request_and_response.erb (1.0ms)
  Rendered c:/RailsInstaller/Ruby1.9.3/lib/ruby/gems/1.9.1/gems/actionpack-3.2.3/lib/action_dispatch/middleware/templates/rescues/template_error.erb within rescues/layout (49.0ms)


Started GET "/" for 127.0.0.1 at 2013-04-06 12:03:32 -0500
Processing by HomeController#index as HTML
  [1m[36mLocation Load (0.0ms)[0m  [1mSELECT "locations".* FROM "locations" [0m
  [1m[35mCACHE (0.0ms)[0m  SELECT "locations".* FROM "locations" 
  Rendered c:/RailsInstaller/Ruby1.9.3/lib/ruby/gems/1.9.1/gems/gmaps4rails-1.5.6/app/views/gmaps4rails/_gmaps4rails.html.erb (1.0ms)
  Rendered home/index.html.erb within layouts/application (9.0ms)
Completed 500 Internal Server Error in 4472ms

ActionView::Template::Error (
  (in c:/Users/JoshS_000/Dropbox/Ruby/rails_projects/tuter/app/assets/javascripts/gmaps4rails/gmaps4rails.base.js.coffee)):
    3: <head>
    4:   <title>Tuter</title>
    5:   <%= stylesheet_link_tag    "application.css", :media => "all" %>
    6:   <!-- <%= javascript_include_tag "application.js" %> -->
    7:   <%= csrf_meta_tags %>
    8:   <%= content_for :header%>
    9:   <!-- <link href='http://fonts.googleapis.com/css?family=Open+Sans' rel='stylesheet' type='text/css'> -->
  app/views/layouts/application.html.erb:6:in `_app_views_layouts_application_html_erb__983245959_49298784'
  app/controllers/home_controller.rb:6:in `index'


  Rendered c:/RailsInstaller/Ruby1.9.3/lib/ruby/gems/1.9.1/gems/actionpack-3.2.3/lib/action_dispatch/middleware/templates/rescues/_trace.erb (7.0ms)
  Rendered c:/RailsInstaller/Ruby1.9.3/lib/ruby/gems/1.9.1/gems/actionpack-3.2.3/lib/action_dispatch/middleware/templates/rescues/_request_and_response.erb (1.0ms)
  Rendered c:/RailsInstaller/Ruby1.9.3/lib/ruby/gems/1.9.1/gems/actionpack-3.2.3/lib/action_dispatch/middleware/templates/rescues/template_error.erb within rescues/layout (47.0ms)


Started GET "/" for 127.0.0.1 at 2013-04-06 12:04:12 -0500
Processing by HomeController#index as HTML
  [1m[36mLocation Load (1.0ms)[0m  [1mSELECT "locations".* FROM "locations" [0m
  [1m[35mCACHE (0.0ms)[0m  SELECT "locations".* FROM "locations" 
  Rendered c:/RailsInstaller/Ruby1.9.3/lib/ruby/gems/1.9.1/gems/gmaps4rails-1.5.6/app/views/gmaps4rails/_gmaps4rails.html.erb (2.0ms)
  Rendered home/index.html.erb within layouts/application (9.0ms)
Completed 500 Internal Server Error in 4394ms

ActionView::Template::Error (
  (in c:/Users/JoshS_000/Dropbox/Ruby/rails_projects/tuter/app/assets/javascripts/gmaps4rails/gmaps4rails.base.js.coffee)):
    3: <head>
    4:   <title>Tuter</title>
    5:   <%= stylesheet_link_tag    "application.css", :media => "all" %>
    6:   <!-- <%= javascript_include_tag "application.js" %> -->
    7:   <%= csrf_meta_tags %>
    8:   <%= content_for :header%>
    9:   <link href='http://fonts.googleapis.com/css?family=Open+Sans' rel='stylesheet' type='text/css'> 
  app/views/layouts/application.html.erb:6:in `_app_views_layouts_application_html_erb__983245959_49341672'
  app/controllers/home_controller.rb:6:in `index'


  Rendered c:/RailsInstaller/Ruby1.9.3/lib/ruby/gems/1.9.1/gems/actionpack-3.2.3/lib/action_dispatch/middleware/templates/rescues/_trace.erb (7.0ms)
  Rendered c:/RailsInstaller/Ruby1.9.3/lib/ruby/gems/1.9.1/gems/actionpack-3.2.3/lib/action_dispatch/middleware/templates/rescues/_request_and_response.erb (1.0ms)
  Rendered c:/RailsInstaller/Ruby1.9.3/lib/ruby/gems/1.9.1/gems/actionpack-3.2.3/lib/action_dispatch/middleware/templates/rescues/template_error.erb within rescues/layout (46.0ms)


Started GET "/" for 127.0.0.1 at 2013-04-06 12:04:37 -0500
Processing by HomeController#index as HTML
  [1m[36mLocation Load (0.0ms)[0m  [1mSELECT "locations".* FROM "locations" [0m
  [1m[35mCACHE (0.0ms)[0m  SELECT "locations".* FROM "locations" 
  Rendered c:/RailsInstaller/Ruby1.9.3/lib/ruby/gems/1.9.1/gems/gmaps4rails-1.5.6/app/views/gmaps4rails/_gmaps4rails.html.erb (1.0ms)
  Rendered home/index.html.erb within layouts/application (7.0ms)
Completed 500 Internal Server Error in 4401ms

ActionView::Template::Error (
  (in c:/Users/JoshS_000/Dropbox/Ruby/rails_projects/tuter/app/assets/javascripts/gmaps4rails/gmaps4rails.base.js.coffee)):
    3: <head>
    4:   <title>Tuter</title>
    5:   <%= stylesheet_link_tag    "application.css", :media => "all" %>
    6:   <%= javascript_include_tag "application.js" %>
    7:   <%= csrf_meta_tags %>
    8:   <%= content_for :header%>
    9:   <link href='http://fonts.googleapis.com/css?family=Open+Sans' rel='stylesheet' type='text/css'> 
  app/views/layouts/application.html.erb:6:in `_app_views_layouts_application_html_erb__983245959_29926176'
  app/controllers/home_controller.rb:6:in `index'


  Rendered c:/RailsInstaller/Ruby1.9.3/lib/ruby/gems/1.9.1/gems/actionpack-3.2.3/lib/action_dispatch/middleware/templates/rescues/_trace.erb (6.0ms)
  Rendered c:/RailsInstaller/Ruby1.9.3/lib/ruby/gems/1.9.1/gems/actionpack-3.2.3/lib/action_dispatch/middleware/templates/rescues/_request_and_response.erb (2.0ms)
  Rendered c:/RailsInstaller/Ruby1.9.3/lib/ruby/gems/1.9.1/gems/actionpack-3.2.3/lib/action_dispatch/middleware/templates/rescues/template_error.erb within rescues/layout (46.0ms)
